<?xml version="1.0" encoding="utf-8"?>
<CoverageSession xmlns:xsd="http://www.w3.org/2001/XMLSchema" xmlns:xsi="http://www.w3.org/2001/XMLSchema-instance">
  <Summary numSequencePoints="361" visitedSequencePoints="298" numBranchPoints="154" visitedBranchPoints="136" sequenceCoverage="82.55" branchCoverage="88.31" maxCyclomaticComplexity="10" minCyclomaticComplexity="1" visitedClasses="21" numClasses="25" visitedMethods="88" numMethods="100" />
  <Modules>
    <Module skippedDueTo="Filter" hash="56-94-C2-0F-42-5D-5D-2E-6C-FA-34-9A-67-1D-9A-C3-A0-C6-E1-CE">
      <ModulePath>C:\WINDOWS\Microsoft.Net\assembly\GAC_64\mscorlib\v4.0_4.0.0.0__b77a5c561934e089\mscorlib.dll</ModulePath>
      <ModuleTime>2018-05-09T22:46:50.5645894Z</ModuleTime>
      <ModuleName>mscorlib</ModuleName>
      <Classes />
    </Module>
    <Module skippedDueTo="Filter" hash="86-E9-3D-3D-7C-09-09-11-61-67-42-C6-1E-4B-75-FF-C4-1C-03-96">
      <ModulePath>C:\Users\pp\utils\NUnit.ConsoleRunner.3.8.0\tools\nunit3-console.exe</ModulePath>
      <ModuleTime>2018-01-27T10:27:14Z</ModuleTime>
      <ModuleName>nunit3-console</ModuleName>
      <Classes />
    </Module>
    <Module skippedDueTo="Filter" hash="25-EA-B4-E7-9E-31-63-5C-13-0D-58-D4-F5-C4-37-1D-82-C2-E8-77">
      <ModulePath>C:\WINDOWS\Microsoft.Net\assembly\GAC_MSIL\System\v4.0_4.0.0.0__b77a5c561934e089\System.dll</ModulePath>
      <ModuleTime>2018-04-11T23:35:18.1228576Z</ModuleTime>
      <ModuleName>System</ModuleName>
      <Classes />
    </Module>
    <Module skippedDueTo="Filter" hash="C1-08-CD-F2-59-9C-E6-0B-62-F9-09-43-74-9F-8D-57-9D-A9-93-31">
      <ModulePath>C:\Users\pp\utils\NUnit.ConsoleRunner.3.8.0\tools\nunit.engine.api.dll</ModulePath>
      <ModuleTime>2018-01-27T10:27:14Z</ModuleTime>
      <ModuleName>nunit.engine.api</ModuleName>
      <Classes />
    </Module>
    <Module skippedDueTo="Filter" hash="95-2A-FF-98-B6-82-8F-7C-F0-AC-3D-56-5A-54-93-7D-3B-32-4F-7B">
      <ModulePath>C:\Users\pp\utils\NUnit.ConsoleRunner.3.8.0\tools\nunit.engine.dll</ModulePath>
      <ModuleTime>2018-01-27T10:27:14Z</ModuleTime>
      <ModuleName>nunit.engine</ModuleName>
      <Classes />
    </Module>
    <Module skippedDueTo="Filter" hash="95-2A-FF-98-B6-82-8F-7C-F0-AC-3D-56-5A-54-93-7D-3B-32-4F-7B">
      <ModulePath>C:\Users\pp\utils\NUnit.ConsoleRunner.3.8.0\tools\nunit.engine.dll</ModulePath>
      <ModuleTime>2018-01-27T10:27:14Z</ModuleTime>
      <ModuleName>nunit.engine</ModuleName>
      <Classes />
    </Module>
    <Module skippedDueTo="Filter" hash="F2-26-5B-FA-55-E9-5B-BC-DD-3A-32-56-2C-38-71-11-1A-8E-6D-32">
      <ModulePath>C:\WINDOWS\Microsoft.Net\assembly\GAC_MSIL\System.Xml\v4.0_4.0.0.0__b77a5c561934e089\System.Xml.dll</ModulePath>
      <ModuleTime>2018-04-11T23:35:17.0290261Z</ModuleTime>
      <ModuleName>System.Xml</ModuleName>
      <Classes />
    </Module>
    <Module skippedDueTo="Filter" hash="35-5C-04-D6-33-85-E0-4A-62-3E-E5-BA-4A-CB-AB-05-79-D9-02-21">
      <ModulePath>C:\WINDOWS\Microsoft.Net\assembly\GAC_64\System.Web\v4.0_4.0.0.0__b03f5f7f11d50a3a\System.Web.dll</ModulePath>
      <ModuleTime>2018-04-11T23:35:15.6695494Z</ModuleTime>
      <ModuleName>System.Web</ModuleName>
      <Classes />
    </Module>
    <Module skippedDueTo="Filter" hash="B5-2C-52-19-7F-DE-8E-1A-EE-7C-F3-4D-31-FC-77-A2-C4-49-EE-AB">
      <ModulePath>C:\WINDOWS\Microsoft.Net\assembly\GAC_MSIL\System.Runtime.Remoting\v4.0_4.0.0.0__b77a5c561934e089\System.Runtime.Remoting.dll</ModulePath>
      <ModuleTime>2018-04-11T23:35:17.0134Z</ModuleTime>
      <ModuleName>System.Runtime.Remoting</ModuleName>
      <Classes />
    </Module>
    <Module skippedDueTo="Filter" hash="2A-F4-1C-14-5D-7A-74-B3-03-8B-1D-2A-59-DC-B6-BE-1D-C8-EF-54">
      <ModulePath>C:\WINDOWS\Microsoft.Net\assembly\GAC_MSIL\System.Configuration\v4.0_4.0.0.0__b03f5f7f11d50a3a\System.Configuration.dll</ModulePath>
      <ModuleTime>2018-04-11T23:35:16.9508953Z</ModuleTime>
      <ModuleName>System.Configuration</ModuleName>
      <Classes />
    </Module>
    <Module skippedDueTo="Filter" hash="8A-2E-8F-D6-9D-39-02-4A-2F-30-FC-06-42-F7-0F-A8-32-69-07-72">
      <ModulePath>C:\Users\pp\utils\NUnit.ConsoleRunner.3.8.0\tools\Mono.Cecil.dll</ModulePath>
      <ModuleTime>2018-01-27T10:27:14Z</ModuleTime>
      <ModuleName>Mono.Cecil</ModuleName>
      <Classes />
    </Module>
    <Module skippedDueTo="Filter" hash="56-94-C2-0F-42-5D-5D-2E-6C-FA-34-9A-67-1D-9A-C3-A0-C6-E1-CE">
      <ModulePath>C:\WINDOWS\Microsoft.Net\assembly\GAC_64\mscorlib\v4.0_4.0.0.0__b77a5c561934e089\mscorlib.dll</ModulePath>
      <ModuleTime>2018-05-09T22:46:50.5645894Z</ModuleTime>
      <ModuleName>mscorlib</ModuleName>
      <Classes />
    </Module>
    <Module skippedDueTo="Filter" hash="23-B3-8E-36-35-0B-BD-20-43-E0-A1-0E-D9-F4-93-5D-15-17-91-15">
      <ModulePath>C:\Users\pp\utils\NUnit.ConsoleRunner.3.8.0\tools\nunit-agent.exe</ModulePath>
      <ModuleTime>2018-01-27T10:27:14Z</ModuleTime>
      <ModuleName>nunit-agent</ModuleName>
      <Classes />
    </Module>
    <Module skippedDueTo="Filter" hash="C1-08-CD-F2-59-9C-E6-0B-62-F9-09-43-74-9F-8D-57-9D-A9-93-31">
      <ModulePath>C:\Users\pp\utils\NUnit.ConsoleRunner.3.8.0\tools\nunit.engine.api.dll</ModulePath>
      <ModuleTime>2018-01-27T10:27:14Z</ModuleTime>
      <ModuleName>nunit.engine.api</ModuleName>
      <Classes />
    </Module>
    <Module skippedDueTo="Filter" hash="95-2A-FF-98-B6-82-8F-7C-F0-AC-3D-56-5A-54-93-7D-3B-32-4F-7B">
      <ModulePath>C:\Users\pp\utils\NUnit.ConsoleRunner.3.8.0\tools\nunit.engine.dll</ModulePath>
      <ModuleTime>2018-01-27T10:27:14Z</ModuleTime>
      <ModuleName>nunit.engine</ModuleName>
      <Classes />
    </Module>
    <Module skippedDueTo="Filter" hash="25-EA-B4-E7-9E-31-63-5C-13-0D-58-D4-F5-C4-37-1D-82-C2-E8-77">
      <ModulePath>C:\WINDOWS\Microsoft.Net\assembly\GAC_MSIL\System\v4.0_4.0.0.0__b77a5c561934e089\System.dll</ModulePath>
      <ModuleTime>2018-04-11T23:35:18.1228576Z</ModuleTime>
      <ModuleName>System</ModuleName>
      <Classes />
    </Module>
    <Module skippedDueTo="Filter" hash="F2-26-5B-FA-55-E9-5B-BC-DD-3A-32-56-2C-38-71-11-1A-8E-6D-32">
      <ModulePath>C:\WINDOWS\Microsoft.Net\assembly\GAC_MSIL\System.Xml\v4.0_4.0.0.0__b77a5c561934e089\System.Xml.dll</ModulePath>
      <ModuleTime>2018-04-11T23:35:17.0290261Z</ModuleTime>
      <ModuleName>System.Xml</ModuleName>
      <Classes />
    </Module>
    <Module skippedDueTo="Filter" hash="35-5C-04-D6-33-85-E0-4A-62-3E-E5-BA-4A-CB-AB-05-79-D9-02-21">
      <ModulePath>C:\WINDOWS\Microsoft.Net\assembly\GAC_64\System.Web\v4.0_4.0.0.0__b03f5f7f11d50a3a\System.Web.dll</ModulePath>
      <ModuleTime>2018-04-11T23:35:15.6695494Z</ModuleTime>
      <ModuleName>System.Web</ModuleName>
      <Classes />
    </Module>
    <Module skippedDueTo="Filter" hash="B5-2C-52-19-7F-DE-8E-1A-EE-7C-F3-4D-31-FC-77-A2-C4-49-EE-AB">
      <ModulePath>C:\WINDOWS\Microsoft.Net\assembly\GAC_MSIL\System.Runtime.Remoting\v4.0_4.0.0.0__b77a5c561934e089\System.Runtime.Remoting.dll</ModulePath>
      <ModuleTime>2018-04-11T23:35:17.0134Z</ModuleTime>
      <ModuleName>System.Runtime.Remoting</ModuleName>
      <Classes />
    </Module>
    <Module skippedDueTo="Filter" hash="2A-F4-1C-14-5D-7A-74-B3-03-8B-1D-2A-59-DC-B6-BE-1D-C8-EF-54">
      <ModulePath>C:\WINDOWS\Microsoft.Net\assembly\GAC_MSIL\System.Configuration\v4.0_4.0.0.0__b03f5f7f11d50a3a\System.Configuration.dll</ModulePath>
      <ModuleTime>2018-04-11T23:35:16.9508953Z</ModuleTime>
      <ModuleName>System.Configuration</ModuleName>
      <Classes />
    </Module>
    <Module skippedDueTo="Filter" hash="8A-2E-8F-D6-9D-39-02-4A-2F-30-FC-06-42-F7-0F-A8-32-69-07-72">
      <ModulePath>C:\Users\pp\utils\NUnit.ConsoleRunner.3.8.0\tools\Mono.Cecil.dll</ModulePath>
      <ModuleTime>2018-01-27T10:27:14Z</ModuleTime>
      <ModuleName>Mono.Cecil</ModuleName>
      <Classes />
    </Module>
    <Module skippedDueTo="Filter" hash="AF-00-89-8E-23-29-6C-3D-DA-76-42-D2-8F-D5-0D-78-C7-55-E7-F5">
      <ModulePath>C:\Users\pp\Documents\Visual Studio 2015\Projects\Canvas\RunTests\nunit.framework.dll</ModulePath>
      <ModuleTime>2018-03-12T21:58:16Z</ModuleTime>
      <ModuleName>nunit.framework</ModuleName>
      <Classes />
    </Module>
    <Module skippedDueTo="Filter" hash="25-EA-B4-E7-9E-31-63-5C-13-0D-58-D4-F5-C4-37-1D-82-C2-E8-77">
      <ModulePath>C:\WINDOWS\Microsoft.Net\assembly\GAC_MSIL\System\v4.0_4.0.0.0__b77a5c561934e089\System.dll</ModulePath>
      <ModuleTime>2018-04-11T23:35:18.1228576Z</ModuleTime>
      <ModuleName>System</ModuleName>
      <Classes />
    </Module>
    <Module skippedDueTo="Filter" hash="4D-D5-53-6D-75-45-E6-7E-9A-8A-6C-4F-9B-0C-BD-1E-6F-16-49-BA">
      <ModulePath>C:\WINDOWS\Microsoft.Net\assembly\GAC_MSIL\System.Core\v4.0_4.0.0.0__b77a5c561934e089\System.Core.dll</ModulePath>
      <ModuleTime>2018-05-09T22:46:50.6114589Z</ModuleTime>
      <ModuleName>System.Core</ModuleName>
      <Classes />
    </Module>
    <Module skippedDueTo="Filter" hash="35-5C-04-D6-33-85-E0-4A-62-3E-E5-BA-4A-CB-AB-05-79-D9-02-21">
      <ModulePath>C:\WINDOWS\Microsoft.Net\assembly\GAC_64\System.Web\v4.0_4.0.0.0__b03f5f7f11d50a3a\System.Web.dll</ModulePath>
      <ModuleTime>2018-04-11T23:35:15.6695494Z</ModuleTime>
      <ModuleName>System.Web</ModuleName>
      <Classes />
    </Module>
    <Module skippedDueTo="Filter" hash="8D-35-40-96-48-54-1B-41-47-AB-B5-31-BC-48-AF-95-DD-E7-28-C7">
      <ModulePath>C:\Users\pp\Documents\Visual Studio 2015\Projects\Canvas\RunTests\CanvasUnitTests.dll</ModulePath>
      <ModuleTime>2018-05-23T10:17:33.1136903Z</ModuleTime>
      <ModuleName>CanvasUnitTests</ModuleName>
      <Classes />
    </Module>
    <Module hash="34-C8-66-54-42-47-36-18-C8-EB-20-37-AF-2D-CE-D0-D2-75-A5-24">
      <Summary numSequencePoints="361" visitedSequencePoints="298" numBranchPoints="154" visitedBranchPoints="136" sequenceCoverage="82.55" branchCoverage="88.31" maxCyclomaticComplexity="10" minCyclomaticComplexity="1" visitedClasses="21" numClasses="25" visitedMethods="88" numMethods="100" />
      <ModulePath>C:\Users\pp\Documents\Visual Studio 2015\Projects\Canvas\RunTests\Canvas.exe</ModulePath>
      <ModuleTime>2018-05-23T10:17:26.6534043Z</ModuleTime>
      <ModuleName>Canvas</ModuleName>
      <Files>
        <File uid="1" fullPath="c:\users\pp\documents\visual studio 2015\Projects\Canvas\Canvas\Program.cs" />
        <File uid="2" fullPath="c:\users\pp\documents\visual studio 2015\Projects\Canvas\Canvas\Commands\CreateCanvaCommand.cs" />
        <File uid="6" fullPath="c:\users\pp\documents\visual studio 2015\Projects\Canvas\Canvas\Models\Canvas.cs" />
        <File uid="16" fullPath="c:\users\pp\documents\visual studio 2015\Projects\Canvas\Canvas\Models\Line.cs" />
        <File uid="17" fullPath="c:\users\pp\documents\visual studio 2015\Projects\Canvas\Canvas\Models\Point.cs" />
        <File uid="18" fullPath="c:\users\pp\documents\visual studio 2015\Projects\Canvas\Canvas\Models\Rectangle.cs" />
        <File uid="19" fullPath="c:\users\pp\documents\visual studio 2015\Projects\Canvas\Canvas\Commands\BucketFillCommand.cs" />
        <File uid="25" fullPath="c:\users\pp\documents\visual studio 2015\Projects\Canvas\Canvas\Commands\DeleteCommand.cs" />
        <File uid="29" fullPath="c:\users\pp\documents\visual studio 2015\Projects\Canvas\Canvas\Commands\DrawLineCommand.cs" />
        <File uid="35" fullPath="c:\users\pp\documents\visual studio 2015\Projects\Canvas\Canvas\Commands\DrawRectangleCommand.cs" />
        <File uid="37" fullPath="c:\users\pp\documents\visual studio 2015\Projects\Canvas\Canvas\Commands\QuitCommand.cs" />
        <File uid="39" fullPath="c:\users\pp\documents\visual studio 2015\Projects\Canvas\Canvas\Commands\UndoCommand.cs" />
      </Files>
      <Classes>
        <Class>
          <Summary numSequencePoints="0" visitedSequencePoints="0" numBranchPoints="0" visitedBranchPoints="0" sequenceCoverage="0" branchCoverage="0" maxCyclomaticComplexity="0" minCyclomaticComplexity="0" visitedClasses="0" numClasses="0" visitedMethods="0" numMethods="0" />
          <FullName>&lt;Module&gt;</FullName>
          <Methods />
        </Class>
        <Class>
          <Summary numSequencePoints="7" visitedSequencePoints="0" numBranchPoints="1" visitedBranchPoints="0" sequenceCoverage="0" branchCoverage="0" maxCyclomaticComplexity="3" minCyclomaticComplexity="1" visitedClasses="0" numClasses="1" visitedMethods="0" numMethods="1" />
          <FullName>CanvasApplication.Program</FullName>
          <Methods>
            <Method visited="false" cyclomaticComplexity="3" nPathComplexity="0" sequenceCoverage="0" branchCoverage="0" isConstructor="false" isStatic="true" isGetter="false" isSetter="false">
              <Summary numSequencePoints="7" visitedSequencePoints="0" numBranchPoints="1" visitedBranchPoints="0" sequenceCoverage="0" branchCoverage="0" maxCyclomaticComplexity="3" minCyclomaticComplexity="3" visitedClasses="0" numClasses="0" visitedMethods="0" numMethods="1" />
              <MetadataToken>100663297</MetadataToken>
              <Name>System.Void CanvasApplication.Program::Main(System.String[])</Name>
              <FileRef uid="1" />
              <SequencePoints>
                <SequencePoint vc="0" uspid="1" ordinal="0" offset="6" sl="12" sc="9" el="12" ec="10" bec="0" bev="0" fileid="1" />
                <SequencePoint vc="0" uspid="2" ordinal="1" offset="7" sl="13" sc="13" el="13" ec="36" bec="0" bev="0" fileid="1" />
                <SequencePoint vc="0" uspid="3" ordinal="2" offset="14" sl="15" sc="13" el="19" ec="15" bec="0" bev="0" fileid="1" />
                <SequencePoint vc="0" uspid="4" ordinal="3" offset="37" sl="22" sc="13" el="22" ec="14" bec="0" bev="0" fileid="1" />
                <SequencePoint vc="0" uspid="5" ordinal="4" offset="38" sl="23" sc="21" el="28" ec="122" bec="0" bev="0" fileid="1" />
                <SequencePoint vc="0" uspid="6" ordinal="5" offset="199" sl="29" sc="13" el="29" ec="14" bec="0" bev="0" fileid="1" />
                <SequencePoint vc="0" uspid="7" ordinal="6" offset="200" sl="21" sc="13" el="21" ec="25" bec="0" bev="0" fileid="1" />
              </SequencePoints>
              <BranchPoints />
              <MethodPoint vc="0" uspid="12" ordinal="0" offset="0" />
            </Method>
            <Method visited="false" cyclomaticComplexity="1" nPathComplexity="0" sequenceCoverage="0" branchCoverage="0" isConstructor="true" isStatic="false" isGetter="false" isSetter="false">
              <Summary numSequencePoints="0" visitedSequencePoints="0" numBranchPoints="0" visitedBranchPoints="0" sequenceCoverage="0" branchCoverage="0" maxCyclomaticComplexity="1" minCyclomaticComplexity="1" visitedClasses="0" numClasses="0" visitedMethods="0" numMethods="0" />
              <MetadataToken>100663298</MetadataToken>
              <Name>System.Void CanvasApplication.Program::.ctor()</Name>
              <SequencePoints />
              <BranchPoints />
              <MethodPoint vc="0" uspid="13" ordinal="0" offset="0" />
            </Method>
          </Methods>
        </Class>
        <Class>
          <Summary numSequencePoints="16" visitedSequencePoints="0" numBranchPoints="4" visitedBranchPoints="0" sequenceCoverage="0" branchCoverage="0" maxCyclomaticComplexity="1" minCyclomaticComplexity="1" visitedClasses="0" numClasses="1" visitedMethods="0" numMethods="4" />
          <FullName>CanvasApplication.Program/&lt;&gt;c__DisplayClass0_0</FullName>
          <Methods>
            <Method visited="false" cyclomaticComplexity="1" nPathComplexity="0" sequenceCoverage="0" branchCoverage="0" isConstructor="true" isStatic="false" isGetter="false" isSetter="false">
              <Summary numSequencePoints="0" visitedSequencePoints="0" numBranchPoints="0" visitedBranchPoints="0" sequenceCoverage="0" branchCoverage="0" maxCyclomaticComplexity="1" minCyclomaticComplexity="1" visitedClasses="0" numClasses="0" visitedMethods="0" numMethods="0" />
              <MetadataToken>100663431</MetadataToken>
              <Name>System.Void CanvasApplication.Program/&lt;&gt;c__DisplayClass0_0::.ctor()</Name>
              <SequencePoints />
              <BranchPoints />
              <MethodPoint vc="0" uspid="14" ordinal="0" offset="0" />
            </Method>
            <Method visited="false" cyclomaticComplexity="1" nPathComplexity="0" sequenceCoverage="0" branchCoverage="0" isConstructor="false" isStatic="false" isGetter="false" isSetter="false">
              <Summary numSequencePoints="4" visitedSequencePoints="0" numBranchPoints="1" visitedBranchPoints="0" sequenceCoverage="0" branchCoverage="0" maxCyclomaticComplexity="1" minCyclomaticComplexity="1" visitedClasses="0" numClasses="0" visitedMethods="0" numMethods="1" />
              <MetadataToken>100663432</MetadataToken>
              <Name>System.Void CanvasApplication.Program/&lt;&gt;c__DisplayClass0_0::&lt;Main&gt;b__0()</Name>
              <FileRef uid="1" />
              <SequencePoints>
                <SequencePoint vc="0" uspid="15" ordinal="0" offset="0" sl="17" sc="17" el="17" ec="75" bec="0" bev="0" fileid="1" />
                <SequencePoint vc="0" uspid="16" ordinal="1" offset="21" sl="16" sc="13" el="16" ec="14" bec="0" bev="0" fileid="1" />
                <SequencePoint vc="0" uspid="17" ordinal="2" offset="22" sl="18" sc="17" el="18" ec="44" bec="0" bev="0" fileid="1" />
                <SequencePoint vc="0" uspid="18" ordinal="3" offset="34" sl="19" sc="13" el="19" ec="14" bec="0" bev="0" fileid="1" />
              </SequencePoints>
              <BranchPoints />
              <MethodPoint xsi:type="SequencePoint" vc="0" uspid="15" ordinal="0" offset="0" sl="17" sc="17" el="17" ec="75" bec="0" bev="0" fileid="1" />
            </Method>
            <Method visited="false" cyclomaticComplexity="1" nPathComplexity="0" sequenceCoverage="0" branchCoverage="0" isConstructor="false" isStatic="false" isGetter="false" isSetter="false">
              <Summary numSequencePoints="4" visitedSequencePoints="0" numBranchPoints="1" visitedBranchPoints="0" sequenceCoverage="0" branchCoverage="0" maxCyclomaticComplexity="1" minCyclomaticComplexity="1" visitedClasses="0" numClasses="0" visitedMethods="0" numMethods="1" />
              <MetadataToken>100663433</MetadataToken>
              <Name>System.Void CanvasApplication.Program/&lt;&gt;c__DisplayClass0_0::&lt;Main&gt;b__1(CanvasApplication.Commands.ICreateCommand)</Name>
              <FileRef uid="1" />
              <SequencePoints>
                <SequencePoint vc="0" uspid="19" ordinal="0" offset="0" sl="24" sc="63" el="24" ec="64" bec="0" bev="0" fileid="1" />
                <SequencePoint vc="0" uspid="20" ordinal="1" offset="1" sl="24" sc="65" el="24" ec="92" bec="0" bev="0" fileid="1" />
                <SequencePoint vc="0" uspid="21" ordinal="2" offset="13" sl="24" sc="93" el="24" ec="109" bec="0" bev="0" fileid="1" />
                <SequencePoint vc="0" uspid="22" ordinal="3" offset="25" sl="24" sc="110" el="24" ec="111" bec="0" bev="0" fileid="1" />
              </SequencePoints>
              <BranchPoints />
              <MethodPoint xsi:type="SequencePoint" vc="0" uspid="19" ordinal="0" offset="0" sl="24" sc="63" el="24" ec="64" bec="0" bev="0" fileid="1" />
            </Method>
            <Method visited="false" cyclomaticComplexity="1" nPathComplexity="0" sequenceCoverage="0" branchCoverage="0" isConstructor="false" isStatic="false" isGetter="false" isSetter="false">
              <Summary numSequencePoints="4" visitedSequencePoints="0" numBranchPoints="1" visitedBranchPoints="0" sequenceCoverage="0" branchCoverage="0" maxCyclomaticComplexity="1" minCyclomaticComplexity="1" visitedClasses="0" numClasses="0" visitedMethods="0" numMethods="1" />
              <MetadataToken>100663434</MetadataToken>
              <Name>System.Void CanvasApplication.Program/&lt;&gt;c__DisplayClass0_0::&lt;Main&gt;b__2(CanvasApplication.Commands.IDrawCommand)</Name>
              <FileRef uid="1" />
              <SequencePoints>
                <SequencePoint vc="0" uspid="23" ordinal="0" offset="0" sl="25" sc="61" el="25" ec="62" bec="0" bev="0" fileid="1" />
                <SequencePoint vc="0" uspid="24" ordinal="1" offset="1" sl="25" sc="63" el="25" ec="87" bec="0" bev="0" fileid="1" />
                <SequencePoint vc="0" uspid="25" ordinal="2" offset="14" sl="25" sc="88" el="25" ec="104" bec="0" bev="0" fileid="1" />
                <SequencePoint vc="0" uspid="26" ordinal="3" offset="26" sl="25" sc="105" el="25" ec="106" bec="0" bev="0" fileid="1" />
              </SequencePoints>
              <BranchPoints />
              <MethodPoint xsi:type="SequencePoint" vc="0" uspid="23" ordinal="0" offset="0" sl="25" sc="61" el="25" ec="62" bec="0" bev="0" fileid="1" />
            </Method>
            <Method visited="false" cyclomaticComplexity="1" nPathComplexity="0" sequenceCoverage="0" branchCoverage="0" isConstructor="false" isStatic="false" isGetter="false" isSetter="false">
              <Summary numSequencePoints="4" visitedSequencePoints="0" numBranchPoints="1" visitedBranchPoints="0" sequenceCoverage="0" branchCoverage="0" maxCyclomaticComplexity="1" minCyclomaticComplexity="1" visitedClasses="0" numClasses="0" visitedMethods="0" numMethods="1" />
              <MetadataToken>100663435</MetadataToken>
              <Name>System.Void CanvasApplication.Program/&lt;&gt;c__DisplayClass0_0::&lt;Main&gt;b__3(CanvasApplication.Commands.IUndoCommand)</Name>
              <FileRef uid="1" />
              <SequencePoints>
                <SequencePoint vc="0" uspid="27" ordinal="0" offset="0" sl="26" sc="61" el="26" ec="62" bec="0" bev="0" fileid="1" />
                <SequencePoint vc="0" uspid="28" ordinal="1" offset="1" sl="26" sc="63" el="26" ec="87" bec="0" bev="0" fileid="1" />
                <SequencePoint vc="0" uspid="29" ordinal="2" offset="14" sl="26" sc="88" el="26" ec="104" bec="0" bev="0" fileid="1" />
                <SequencePoint vc="0" uspid="30" ordinal="3" offset="26" sl="26" sc="105" el="26" ec="106" bec="0" bev="0" fileid="1" />
              </SequencePoints>
              <BranchPoints />
              <MethodPoint xsi:type="SequencePoint" vc="0" uspid="27" ordinal="0" offset="0" sl="26" sc="61" el="26" ec="62" bec="0" bev="0" fileid="1" />
            </Method>
          </Methods>
        </Class>
        <Class>
          <Summary numSequencePoints="2" visitedSequencePoints="0" numBranchPoints="2" visitedBranchPoints="0" sequenceCoverage="0" branchCoverage="0" maxCyclomaticComplexity="1" minCyclomaticComplexity="1" visitedClasses="0" numClasses="1" visitedMethods="0" numMethods="2" />
          <FullName>CanvasApplication.Program/&lt;&gt;c</FullName>
          <Methods>
            <Method visited="false" cyclomaticComplexity="1" nPathComplexity="0" sequenceCoverage="0" branchCoverage="0" isConstructor="true" isStatic="true" isGetter="false" isSetter="false">
              <Summary numSequencePoints="0" visitedSequencePoints="0" numBranchPoints="0" visitedBranchPoints="0" sequenceCoverage="0" branchCoverage="0" maxCyclomaticComplexity="1" minCyclomaticComplexity="1" visitedClasses="0" numClasses="0" visitedMethods="0" numMethods="0" />
              <MetadataToken>100663436</MetadataToken>
              <Name>System.Void CanvasApplication.Program/&lt;&gt;c::.cctor()</Name>
              <SequencePoints />
              <BranchPoints />
              <MethodPoint vc="0" uspid="31" ordinal="0" offset="0" />
            </Method>
            <Method visited="false" cyclomaticComplexity="1" nPathComplexity="0" sequenceCoverage="0" branchCoverage="0" isConstructor="true" isStatic="false" isGetter="false" isSetter="false">
              <Summary numSequencePoints="0" visitedSequencePoints="0" numBranchPoints="0" visitedBranchPoints="0" sequenceCoverage="0" branchCoverage="0" maxCyclomaticComplexity="1" minCyclomaticComplexity="1" visitedClasses="0" numClasses="0" visitedMethods="0" numMethods="0" />
              <MetadataToken>100663437</MetadataToken>
              <Name>System.Void CanvasApplication.Program/&lt;&gt;c::.ctor()</Name>
              <SequencePoints />
              <BranchPoints />
              <MethodPoint vc="0" uspid="32" ordinal="0" offset="0" />
            </Method>
            <Method visited="false" cyclomaticComplexity="1" nPathComplexity="0" sequenceCoverage="0" branchCoverage="0" isConstructor="false" isStatic="false" isGetter="false" isSetter="false">
              <Summary numSequencePoints="1" visitedSequencePoints="0" numBranchPoints="1" visitedBranchPoints="0" sequenceCoverage="0" branchCoverage="0" maxCyclomaticComplexity="1" minCyclomaticComplexity="1" visitedClasses="0" numClasses="0" visitedMethods="0" numMethods="1" />
              <MetadataToken>100663438</MetadataToken>
              <Name>System.Void CanvasApplication.Program/&lt;&gt;c::&lt;Main&gt;b__0_4(CanvasApplication.Commands.IQuitCommand)</Name>
              <FileRef uid="1" />
              <SequencePoints>
                <SequencePoint vc="0" uspid="33" ordinal="0" offset="0" sl="27" sc="61" el="27" ec="77" bec="0" bev="0" fileid="1" />
              </SequencePoints>
              <BranchPoints />
              <MethodPoint xsi:type="SequencePoint" vc="0" uspid="33" ordinal="0" offset="0" sl="27" sc="61" el="27" ec="77" bec="0" bev="0" fileid="1" />
            </Method>
            <Method visited="false" cyclomaticComplexity="1" nPathComplexity="0" sequenceCoverage="0" branchCoverage="0" isConstructor="false" isStatic="false" isGetter="false" isSetter="false">
              <Summary numSequencePoints="1" visitedSequencePoints="0" numBranchPoints="1" visitedBranchPoints="0" sequenceCoverage="0" branchCoverage="0" maxCyclomaticComplexity="1" minCyclomaticComplexity="1" visitedClasses="0" numClasses="0" visitedMethods="0" numMethods="1" />
              <MetadataToken>100663439</MetadataToken>
              <Name>System.Void CanvasApplication.Program/&lt;&gt;c::&lt;Main&gt;b__0_5(System.Collections.Generic.IEnumerable`1&lt;CommandLine.Error&gt;)</Name>
              <FileRef uid="1" />
              <SequencePoints>
                <SequencePoint vc="0" uspid="34" ordinal="0" offset="0" sl="28" sc="48" el="28" ec="120" bec="0" bev="0" fileid="1" />
              </SequencePoints>
              <BranchPoints />
              <MethodPoint xsi:type="SequencePoint" vc="0" uspid="34" ordinal="0" offset="0" sl="28" sc="48" el="28" ec="120" bec="0" bev="0" fileid="1" />
            </Method>
          </Methods>
        </Class>
        <Class>
          <Summary numSequencePoints="10" visitedSequencePoints="10" numBranchPoints="6" visitedBranchPoints="6" sequenceCoverage="100" branchCoverage="100" maxCyclomaticComplexity="2" minCyclomaticComplexity="1" visitedClasses="1" numClasses="1" visitedMethods="6" numMethods="6" />
          <FullName>CanvasApplication.Models.BucketFillParameters</FullName>
          <Methods>
            <Method visited="true" cyclomaticComplexity="1" nPathComplexity="0" sequenceCoverage="100" branchCoverage="100" isConstructor="false" isStatic="false" isGetter="true" isSetter="false">
              <Summary numSequencePoints="1" visitedSequencePoints="1" numBranchPoints="1" visitedBranchPoints="1" sequenceCoverage="100" branchCoverage="100" maxCyclomaticComplexity="1" minCyclomaticComplexity="1" visitedClasses="0" numClasses="0" visitedMethods="1" numMethods="1" />
              <MetadataToken>100663302</MetadataToken>
              <Name>System.Char CanvasApplication.Models.BucketFillParameters::get_Color()</Name>
              <FileRef uid="6" />
              <SequencePoints>
                <SequencePoint vc="7" uspid="35" ordinal="0" offset="0" sl="14" sc="29" el="14" ec="33" bec="0" bev="0" fileid="6" />
              </SequencePoints>
              <BranchPoints />
              <MethodPoint xsi:type="SequencePoint" vc="7" uspid="35" ordinal="0" offset="0" sl="14" sc="29" el="14" ec="33" bec="0" bev="0" fileid="6" />
            </Method>
            <Method visited="true" cyclomaticComplexity="1" nPathComplexity="0" sequenceCoverage="100" branchCoverage="100" isConstructor="false" isStatic="false" isGetter="false" isSetter="true">
              <Summary numSequencePoints="1" visitedSequencePoints="1" numBranchPoints="1" visitedBranchPoints="1" sequenceCoverage="100" branchCoverage="100" maxCyclomaticComplexity="1" minCyclomaticComplexity="1" visitedClasses="0" numClasses="0" visitedMethods="1" numMethods="1" />
              <MetadataToken>100663303</MetadataToken>
              <Name>System.Void CanvasApplication.Models.BucketFillParameters::set_Color(System.Char)</Name>
              <FileRef uid="6" />
              <SequencePoints>
                <SequencePoint vc="8" uspid="36" ordinal="0" offset="0" sl="14" sc="34" el="14" ec="38" bec="0" bev="0" fileid="6" />
              </SequencePoints>
              <BranchPoints />
              <MethodPoint xsi:type="SequencePoint" vc="8" uspid="36" ordinal="0" offset="0" sl="14" sc="34" el="14" ec="38" bec="0" bev="0" fileid="6" />
            </Method>
            <Method visited="true" cyclomaticComplexity="1" nPathComplexity="0" sequenceCoverage="100" branchCoverage="100" isConstructor="false" isStatic="false" isGetter="true" isSetter="false">
              <Summary numSequencePoints="1" visitedSequencePoints="1" numBranchPoints="1" visitedBranchPoints="1" sequenceCoverage="100" branchCoverage="100" maxCyclomaticComplexity="1" minCyclomaticComplexity="1" visitedClasses="0" numClasses="0" visitedMethods="1" numMethods="1" />
              <MetadataToken>100663304</MetadataToken>
              <Name>CanvasApplication.Models.Point CanvasApplication.Models.BucketFillParameters::get_Point()</Name>
              <FileRef uid="6" />
              <SequencePoints>
                <SequencePoint vc="13" uspid="37" ordinal="0" offset="0" sl="16" sc="30" el="16" ec="34" bec="0" bev="0" fileid="6" />
              </SequencePoints>
              <BranchPoints />
              <MethodPoint xsi:type="SequencePoint" vc="13" uspid="37" ordinal="0" offset="0" sl="16" sc="30" el="16" ec="34" bec="0" bev="0" fileid="6" />
            </Method>
            <Method visited="true" cyclomaticComplexity="1" nPathComplexity="0" sequenceCoverage="100" branchCoverage="100" isConstructor="false" isStatic="false" isGetter="false" isSetter="true">
              <Summary numSequencePoints="1" visitedSequencePoints="1" numBranchPoints="1" visitedBranchPoints="1" sequenceCoverage="100" branchCoverage="100" maxCyclomaticComplexity="1" minCyclomaticComplexity="1" visitedClasses="0" numClasses="0" visitedMethods="1" numMethods="1" />
              <MetadataToken>100663305</MetadataToken>
              <Name>System.Void CanvasApplication.Models.BucketFillParameters::set_Point(CanvasApplication.Models.Point)</Name>
              <FileRef uid="6" />
              <SequencePoints>
                <SequencePoint vc="9" uspid="38" ordinal="0" offset="0" sl="16" sc="35" el="16" ec="39" bec="0" bev="0" fileid="6" />
              </SequencePoints>
              <BranchPoints />
              <MethodPoint xsi:type="SequencePoint" vc="9" uspid="38" ordinal="0" offset="0" sl="16" sc="35" el="16" ec="39" bec="0" bev="0" fileid="6" />
            </Method>
            <Method visited="true" cyclomaticComplexity="2" nPathComplexity="0" sequenceCoverage="100" branchCoverage="100" isConstructor="false" isStatic="false" isGetter="false" isSetter="false">
              <Summary numSequencePoints="3" visitedSequencePoints="3" numBranchPoints="1" visitedBranchPoints="1" sequenceCoverage="100" branchCoverage="100" maxCyclomaticComplexity="2" minCyclomaticComplexity="2" visitedClasses="0" numClasses="0" visitedMethods="1" numMethods="1" />
              <MetadataToken>100663306</MetadataToken>
              <Name>System.Boolean CanvasApplication.Models.BucketFillParameters::Equals(CanvasApplication.Models.IBucketFillParamerters)</Name>
              <FileRef uid="6" />
              <SequencePoints>
                <SequencePoint vc="1" uspid="39" ordinal="0" offset="0" sl="19" sc="9" el="19" ec="10" bec="0" bev="0" fileid="6" />
                <SequencePoint vc="1" uspid="40" ordinal="1" offset="1" sl="20" sc="13" el="20" ec="65" bec="0" bev="0" fileid="6" />
                <SequencePoint vc="1" uspid="41" ordinal="2" offset="49" sl="21" sc="9" el="21" ec="10" bec="0" bev="0" fileid="6" />
              </SequencePoints>
              <BranchPoints />
              <MethodPoint xsi:type="SequencePoint" vc="1" uspid="39" ordinal="0" offset="0" sl="19" sc="9" el="19" ec="10" bec="0" bev="0" fileid="6" />
            </Method>
            <Method visited="true" cyclomaticComplexity="1" nPathComplexity="0" sequenceCoverage="100" branchCoverage="100" isConstructor="false" isStatic="false" isGetter="false" isSetter="false">
              <Summary numSequencePoints="3" visitedSequencePoints="3" numBranchPoints="1" visitedBranchPoints="1" sequenceCoverage="100" branchCoverage="100" maxCyclomaticComplexity="1" minCyclomaticComplexity="1" visitedClasses="0" numClasses="0" visitedMethods="1" numMethods="1" />
              <MetadataToken>100663307</MetadataToken>
              <Name>System.Boolean CanvasApplication.Models.BucketFillParameters::Equals(System.Object)</Name>
              <FileRef uid="6" />
              <SequencePoints>
                <SequencePoint vc="1" uspid="44" ordinal="0" offset="0" sl="23" sc="9" el="23" ec="10" bec="0" bev="0" fileid="6" />
                <SequencePoint vc="1" uspid="45" ordinal="1" offset="1" sl="24" sc="13" el="24" ec="58" bec="0" bev="0" fileid="6" />
                <SequencePoint vc="1" uspid="46" ordinal="2" offset="19" sl="25" sc="9" el="25" ec="10" bec="0" bev="0" fileid="6" />
              </SequencePoints>
              <BranchPoints />
              <MethodPoint xsi:type="SequencePoint" vc="1" uspid="44" ordinal="0" offset="0" sl="23" sc="9" el="23" ec="10" bec="0" bev="0" fileid="6" />
            </Method>
            <Method visited="true" cyclomaticComplexity="1" nPathComplexity="0" sequenceCoverage="0" branchCoverage="0" isConstructor="true" isStatic="false" isGetter="false" isSetter="false">
              <Summary numSequencePoints="0" visitedSequencePoints="0" numBranchPoints="0" visitedBranchPoints="0" sequenceCoverage="0" branchCoverage="0" maxCyclomaticComplexity="1" minCyclomaticComplexity="1" visitedClasses="0" numClasses="0" visitedMethods="0" numMethods="0" />
              <MetadataToken>100663308</MetadataToken>
              <Name>System.Void CanvasApplication.Models.BucketFillParameters::.ctor()</Name>
              <SequencePoints />
              <BranchPoints />
              <MethodPoint vc="11" uspid="47" ordinal="0" offset="0" />
            </Method>
          </Methods>
        </Class>
        <Class>
          <Summary numSequencePoints="4" visitedSequencePoints="4" numBranchPoints="4" visitedBranchPoints="4" sequenceCoverage="100" branchCoverage="100" maxCyclomaticComplexity="1" minCyclomaticComplexity="1" visitedClasses="1" numClasses="1" visitedMethods="4" numMethods="4" />
          <FullName>CanvasApplication.Models.CanvasDimentions</FullName>
          <Methods>
            <Method visited="true" cyclomaticComplexity="1" nPathComplexity="0" sequenceCoverage="100" branchCoverage="100" isConstructor="false" isStatic="false" isGetter="true" isSetter="false">
              <Summary numSequencePoints="1" visitedSequencePoints="1" numBranchPoints="1" visitedBranchPoints="1" sequenceCoverage="100" branchCoverage="100" maxCyclomaticComplexity="1" minCyclomaticComplexity="1" visitedClasses="0" numClasses="0" visitedMethods="1" numMethods="1" />
              <MetadataToken>100663313</MetadataToken>
              <Name>System.UInt32 CanvasApplication.Models.CanvasDimentions::get_Width()</Name>
              <FileRef uid="6" />
              <SequencePoints>
                <SequencePoint vc="6499" uspid="48" ordinal="0" offset="0" sl="38" sc="29" el="38" ec="33" bec="0" bev="0" fileid="6" />
              </SequencePoints>
              <BranchPoints />
              <MethodPoint xsi:type="SequencePoint" vc="6499" uspid="48" ordinal="0" offset="0" sl="38" sc="29" el="38" ec="33" bec="0" bev="0" fileid="6" />
            </Method>
            <Method visited="true" cyclomaticComplexity="1" nPathComplexity="0" sequenceCoverage="100" branchCoverage="100" isConstructor="false" isStatic="false" isGetter="false" isSetter="true">
              <Summary numSequencePoints="1" visitedSequencePoints="1" numBranchPoints="1" visitedBranchPoints="1" sequenceCoverage="100" branchCoverage="100" maxCyclomaticComplexity="1" minCyclomaticComplexity="1" visitedClasses="0" numClasses="0" visitedMethods="1" numMethods="1" />
              <MetadataToken>100663314</MetadataToken>
              <Name>System.Void CanvasApplication.Models.CanvasDimentions::set_Width(System.UInt32)</Name>
              <FileRef uid="6" />
              <SequencePoints>
                <SequencePoint vc="55" uspid="49" ordinal="0" offset="0" sl="38" sc="34" el="38" ec="38" bec="0" bev="0" fileid="6" />
              </SequencePoints>
              <BranchPoints />
              <MethodPoint xsi:type="SequencePoint" vc="55" uspid="49" ordinal="0" offset="0" sl="38" sc="34" el="38" ec="38" bec="0" bev="0" fileid="6" />
            </Method>
            <Method visited="true" cyclomaticComplexity="1" nPathComplexity="0" sequenceCoverage="100" branchCoverage="100" isConstructor="false" isStatic="false" isGetter="true" isSetter="false">
              <Summary numSequencePoints="1" visitedSequencePoints="1" numBranchPoints="1" visitedBranchPoints="1" sequenceCoverage="100" branchCoverage="100" maxCyclomaticComplexity="1" minCyclomaticComplexity="1" visitedClasses="0" numClasses="0" visitedMethods="1" numMethods="1" />
              <MetadataToken>100663315</MetadataToken>
              <Name>System.UInt32 CanvasApplication.Models.CanvasDimentions::get_Height()</Name>
              <FileRef uid="6" />
              <SequencePoints>
                <SequencePoint vc="1827195" uspid="50" ordinal="0" offset="0" sl="39" sc="30" el="39" ec="34" bec="0" bev="0" fileid="6" />
              </SequencePoints>
              <BranchPoints />
              <MethodPoint xsi:type="SequencePoint" vc="1827195" uspid="50" ordinal="0" offset="0" sl="39" sc="30" el="39" ec="34" bec="0" bev="0" fileid="6" />
            </Method>
            <Method visited="true" cyclomaticComplexity="1" nPathComplexity="0" sequenceCoverage="100" branchCoverage="100" isConstructor="false" isStatic="false" isGetter="false" isSetter="true">
              <Summary numSequencePoints="1" visitedSequencePoints="1" numBranchPoints="1" visitedBranchPoints="1" sequenceCoverage="100" branchCoverage="100" maxCyclomaticComplexity="1" minCyclomaticComplexity="1" visitedClasses="0" numClasses="0" visitedMethods="1" numMethods="1" />
              <MetadataToken>100663316</MetadataToken>
              <Name>System.Void CanvasApplication.Models.CanvasDimentions::set_Height(System.UInt32)</Name>
              <FileRef uid="6" />
              <SequencePoints>
                <SequencePoint vc="54" uspid="51" ordinal="0" offset="0" sl="39" sc="35" el="39" ec="39" bec="0" bev="0" fileid="6" />
              </SequencePoints>
              <BranchPoints />
              <MethodPoint xsi:type="SequencePoint" vc="54" uspid="51" ordinal="0" offset="0" sl="39" sc="35" el="39" ec="39" bec="0" bev="0" fileid="6" />
            </Method>
            <Method visited="true" cyclomaticComplexity="1" nPathComplexity="0" sequenceCoverage="0" branchCoverage="0" isConstructor="true" isStatic="false" isGetter="false" isSetter="false">
              <Summary numSequencePoints="0" visitedSequencePoints="0" numBranchPoints="0" visitedBranchPoints="0" sequenceCoverage="0" branchCoverage="0" maxCyclomaticComplexity="1" minCyclomaticComplexity="1" visitedClasses="0" numClasses="0" visitedMethods="0" numMethods="0" />
              <MetadataToken>100663317</MetadataToken>
              <Name>System.Void CanvasApplication.Models.CanvasDimentions::.ctor()</Name>
              <SequencePoints />
              <BranchPoints />
              <MethodPoint vc="56" uspid="52" ordinal="0" offset="0" />
            </Method>
          </Methods>
        </Class>
        <Class>
          <Summary numSequencePoints="136" visitedSequencePoints="104" numBranchPoints="55" visitedBranchPoints="46" sequenceCoverage="76.47" branchCoverage="83.64" maxCyclomaticComplexity="8" minCyclomaticComplexity="1" visitedClasses="1" numClasses="1" visitedMethods="16" numMethods="19" />
          <FullName>CanvasApplication.Models.Canvas</FullName>
          <Methods>
            <Method visited="true" cyclomaticComplexity="1" nPathComplexity="0" sequenceCoverage="100" branchCoverage="100" isConstructor="false" isStatic="false" isGetter="true" isSetter="false">
              <Summary numSequencePoints="1" visitedSequencePoints="1" numBranchPoints="1" visitedBranchPoints="1" sequenceCoverage="100" branchCoverage="100" maxCyclomaticComplexity="1" minCyclomaticComplexity="1" visitedClasses="0" numClasses="0" visitedMethods="1" numMethods="1" />
              <MetadataToken>100663318</MetadataToken>
              <Name>CanvasApplication.Models.CanvasCell[0...,0...] CanvasApplication.Models.Canvas::get_Cells()</Name>
              <FileRef uid="6" />
              <SequencePoints>
                <SequencePoint vc="4504952" uspid="53" ordinal="0" offset="0" sl="46" sc="38" el="46" ec="42" bec="0" bev="0" fileid="6" />
              </SequencePoints>
              <BranchPoints />
              <MethodPoint xsi:type="SequencePoint" vc="4504952" uspid="53" ordinal="0" offset="0" sl="46" sc="38" el="46" ec="42" bec="0" bev="0" fileid="6" />
            </Method>
            <Method visited="true" cyclomaticComplexity="1" nPathComplexity="0" sequenceCoverage="100" branchCoverage="100" isConstructor="false" isStatic="false" isGetter="false" isSetter="true">
              <Summary numSequencePoints="1" visitedSequencePoints="1" numBranchPoints="1" visitedBranchPoints="1" sequenceCoverage="100" branchCoverage="100" maxCyclomaticComplexity="1" minCyclomaticComplexity="1" visitedClasses="0" numClasses="0" visitedMethods="1" numMethods="1" />
              <MetadataToken>100663319</MetadataToken>
              <Name>System.Void CanvasApplication.Models.Canvas::set_Cells(CanvasApplication.Models.CanvasCell[0...,0...])</Name>
              <FileRef uid="6" />
              <SequencePoints>
                <SequencePoint vc="60" uspid="54" ordinal="0" offset="0" sl="46" sc="43" el="46" ec="55" bec="0" bev="0" fileid="6" />
              </SequencePoints>
              <BranchPoints />
              <MethodPoint xsi:type="SequencePoint" vc="60" uspid="54" ordinal="0" offset="0" sl="46" sc="43" el="46" ec="55" bec="0" bev="0" fileid="6" />
            </Method>
            <Method visited="true" cyclomaticComplexity="1" nPathComplexity="0" sequenceCoverage="100" branchCoverage="100" isConstructor="false" isStatic="false" isGetter="true" isSetter="false">
              <Summary numSequencePoints="1" visitedSequencePoints="1" numBranchPoints="1" visitedBranchPoints="1" sequenceCoverage="100" branchCoverage="100" maxCyclomaticComplexity="1" minCyclomaticComplexity="1" visitedClasses="0" numClasses="0" visitedMethods="1" numMethods="1" />
              <MetadataToken>100663320</MetadataToken>
              <Name>System.Int32 CanvasApplication.Models.Canvas::get_Width()</Name>
              <FileRef uid="6" />
              <SequencePoints>
                <SequencePoint vc="15909" uspid="55" ordinal="0" offset="0" sl="48" sc="29" el="48" ec="55" bec="0" bev="0" fileid="6" />
              </SequencePoints>
              <BranchPoints />
              <MethodPoint xsi:type="SequencePoint" vc="15909" uspid="55" ordinal="0" offset="0" sl="48" sc="29" el="48" ec="55" bec="0" bev="0" fileid="6" />
            </Method>
            <Method visited="true" cyclomaticComplexity="1" nPathComplexity="0" sequenceCoverage="100" branchCoverage="100" isConstructor="false" isStatic="false" isGetter="true" isSetter="false">
              <Summary numSequencePoints="1" visitedSequencePoints="1" numBranchPoints="1" visitedBranchPoints="1" sequenceCoverage="100" branchCoverage="100" maxCyclomaticComplexity="1" minCyclomaticComplexity="1" visitedClasses="0" numClasses="0" visitedMethods="1" numMethods="1" />
              <MetadataToken>100663321</MetadataToken>
              <Name>System.Int32 CanvasApplication.Models.Canvas::get_Height()</Name>
              <FileRef uid="6" />
              <SequencePoints>
                <SequencePoint vc="15505" uspid="56" ordinal="0" offset="0" sl="49" sc="30" el="49" ec="56" bec="0" bev="0" fileid="6" />
              </SequencePoints>
              <BranchPoints />
              <MethodPoint xsi:type="SequencePoint" vc="15505" uspid="56" ordinal="0" offset="0" sl="49" sc="30" el="49" ec="56" bec="0" bev="0" fileid="6" />
            </Method>
            <Method visited="true" cyclomaticComplexity="1" nPathComplexity="0" sequenceCoverage="100" branchCoverage="100" isConstructor="true" isStatic="false" isGetter="false" isSetter="false">
              <Summary numSequencePoints="5" visitedSequencePoints="5" numBranchPoints="1" visitedBranchPoints="1" sequenceCoverage="100" branchCoverage="100" maxCyclomaticComplexity="1" minCyclomaticComplexity="1" visitedClasses="0" numClasses="0" visitedMethods="1" numMethods="1" />
              <MetadataToken>100663322</MetadataToken>
              <Name>System.Void CanvasApplication.Models.Canvas::.ctor(CanvasApplication.Models.ICanvasDimentions)</Name>
              <FileRef uid="6" />
              <SequencePoints>
                <SequencePoint vc="54" uspid="57" ordinal="0" offset="0" sl="44" sc="9" el="44" ec="83" bec="0" bev="0" fileid="6" />
                <SequencePoint vc="54" uspid="58" ordinal="1" offset="11" sl="51" sc="9" el="51" ec="52" bec="0" bev="0" fileid="6" />
                <SequencePoint vc="54" uspid="59" ordinal="2" offset="18" sl="52" sc="9" el="52" ec="10" bec="0" bev="0" fileid="6" />
                <SequencePoint vc="54" uspid="60" ordinal="3" offset="19" sl="53" sc="13" el="53" ec="36" bec="0" bev="0" fileid="6" />
                <SequencePoint vc="54" uspid="61" ordinal="4" offset="27" sl="54" sc="9" el="54" ec="10" bec="0" bev="0" fileid="6" />
              </SequencePoints>
              <BranchPoints />
              <MethodPoint xsi:type="SequencePoint" vc="54" uspid="57" ordinal="0" offset="0" sl="44" sc="9" el="44" ec="83" bec="0" bev="0" fileid="6" />
            </Method>
            <Method visited="true" cyclomaticComplexity="3" nPathComplexity="4" sequenceCoverage="100" branchCoverage="100" isConstructor="false" isStatic="false" isGetter="false" isSetter="false">
              <Summary numSequencePoints="10" visitedSequencePoints="10" numBranchPoints="5" visitedBranchPoints="5" sequenceCoverage="100" branchCoverage="100" maxCyclomaticComplexity="3" minCyclomaticComplexity="3" visitedClasses="0" numClasses="0" visitedMethods="1" numMethods="1" />
              <MetadataToken>100663323</MetadataToken>
              <Name>System.Void CanvasApplication.Models.Canvas::Initialize(CanvasApplication.Models.ICanvasDimentions)</Name>
              <FileRef uid="6" />
              <SequencePoints>
                <SequencePoint vc="54" uspid="62" ordinal="0" offset="0" sl="57" sc="9" el="57" ec="10" bec="0" bev="0" fileid="6" />
                <SequencePoint vc="54" uspid="63" ordinal="1" offset="1" sl="58" sc="13" el="58" ec="73" bec="0" bev="0" fileid="6" />
                <SequencePoint vc="54" uspid="64" ordinal="2" offset="25" sl="60" sc="18" el="60" ec="27" bec="0" bev="0" fileid="6" />
                <SequencePoint vc="6390" uspid="65" ordinal="3" offset="32" sl="61" sc="22" el="61" ec="31" bec="0" bev="0" fileid="6" />
                <SequencePoint vc="1820750" uspid="66" ordinal="4" offset="39" sl="62" sc="21" el="62" ec="84" bec="0" bev="0" fileid="6" />
                <SequencePoint vc="1820750" uspid="67" ordinal="5" offset="60" sl="61" sc="56" el="61" ec="59" bec="0" bev="0" fileid="6" />
                <SequencePoint vc="1827140" uspid="68" ordinal="6" offset="64" sl="61" sc="33" el="61" ec="54" bec="2" bev="2" fileid="6" />
                <SequencePoint vc="6390" uspid="69" ordinal="7" offset="79" sl="60" sc="51" el="60" ec="54" bec="0" bev="0" fileid="6" />
                <SequencePoint vc="6444" uspid="70" ordinal="8" offset="83" sl="60" sc="29" el="60" ec="49" bec="2" bev="2" fileid="6" />
                <SequencePoint vc="54" uspid="71" ordinal="9" offset="98" sl="63" sc="9" el="63" ec="10" bec="0" bev="0" fileid="6" />
              </SequencePoints>
              <BranchPoints>
                <BranchPoint vc="6390" uspid="72" ordinal="0" offset="77" sl="61" path="0" offsetend="79" fileid="6" />
                <BranchPoint vc="1820750" uspid="73" ordinal="1" offset="77" sl="61" path="1" offsetend="39" fileid="6" />
                <BranchPoint vc="54" uspid="74" ordinal="2" offset="96" sl="60" path="0" offsetend="98" fileid="6" />
                <BranchPoint vc="6390" uspid="75" ordinal="3" offset="96" sl="60" path="1" offsetend="32" fileid="6" />
              </BranchPoints>
              <MethodPoint xsi:type="SequencePoint" vc="54" uspid="62" ordinal="0" offset="0" sl="57" sc="9" el="57" ec="10" bec="0" bev="0" fileid="6" />
            </Method>
            <Method visited="true" cyclomaticComplexity="5" nPathComplexity="4" sequenceCoverage="100" branchCoverage="100" isConstructor="false" isStatic="false" isGetter="false" isSetter="false">
              <Summary numSequencePoints="8" visitedSequencePoints="8" numBranchPoints="5" visitedBranchPoints="5" sequenceCoverage="100" branchCoverage="100" maxCyclomaticComplexity="5" minCyclomaticComplexity="5" visitedClasses="0" numClasses="0" visitedMethods="1" numMethods="1" />
              <MetadataToken>100663324</MetadataToken>
              <Name>System.Void CanvasApplication.Models.Canvas::DrawLine(CanvasApplication.Models.Line)</Name>
              <FileRef uid="6" />
              <SequencePoints>
                <SequencePoint vc="8" uspid="76" ordinal="0" offset="0" sl="66" sc="9" el="66" ec="10" bec="0" bev="0" fileid="6" />
                <SequencePoint vc="8" uspid="77" ordinal="1" offset="1" sl="67" sc="13" el="67" ec="56" bec="2" bev="2" fileid="6" />
                <SequencePoint vc="1" uspid="78" ordinal="2" offset="36" sl="68" sc="17" el="68" ec="50" bec="0" bev="0" fileid="6" />
                <SequencePoint vc="7" uspid="79" ordinal="3" offset="42" sl="70" sc="13" el="70" ec="81" bec="2" bev="2" fileid="6" />
                <SequencePoint vc="1" uspid="80" ordinal="4" offset="86" sl="71" sc="17" el="71" ec="111" bec="0" bev="0" fileid="6" />
                <SequencePoint vc="6" uspid="81" ordinal="5" offset="97" sl="73" sc="13" el="73" ec="25" bec="0" bev="0" fileid="6" />
                <SequencePoint vc="6" uspid="82" ordinal="6" offset="104" sl="75" sc="13" el="75" ec="33" bec="0" bev="0" fileid="6" />
                <SequencePoint vc="6" uspid="83" ordinal="7" offset="112" sl="76" sc="9" el="76" ec="10" bec="0" bev="0" fileid="6" />
              </SequencePoints>
              <BranchPoints>
                <BranchPoint vc="1" uspid="86" ordinal="2" offset="31" sl="67" path="0" offsetend="36" fileid="6" />
                <BranchPoint vc="7" uspid="87" ordinal="3" offset="31" sl="67" path="1" offsetend="42" fileid="6" />
                <BranchPoint vc="1" uspid="90" ordinal="6" offset="81" sl="70" path="0" offsetend="86" fileid="6" />
                <BranchPoint vc="6" uspid="91" ordinal="7" offset="81" sl="70" path="1" offsetend="97" fileid="6" />
              </BranchPoints>
              <MethodPoint xsi:type="SequencePoint" vc="8" uspid="76" ordinal="0" offset="0" sl="66" sc="9" el="66" ec="10" bec="0" bev="0" fileid="6" />
            </Method>
            <Method visited="true" cyclomaticComplexity="3" nPathComplexity="0" sequenceCoverage="100" branchCoverage="100" isConstructor="false" isStatic="false" isGetter="false" isSetter="false">
              <Summary numSequencePoints="8" visitedSequencePoints="8" numBranchPoints="1" visitedBranchPoints="1" sequenceCoverage="100" branchCoverage="100" maxCyclomaticComplexity="3" minCyclomaticComplexity="3" visitedClasses="0" numClasses="0" visitedMethods="1" numMethods="1" />
              <MetadataToken>100663325</MetadataToken>
              <Name>System.Void CanvasApplication.Models.Canvas::InnerDrawLine(CanvasApplication.Models.Line)</Name>
              <FileRef uid="6" />
              <SequencePoints>
                <SequencePoint vc="38" uspid="92" ordinal="0" offset="0" sl="79" sc="9" el="79" ec="10" bec="0" bev="0" fileid="6" />
                <SequencePoint vc="38" uspid="93" ordinal="1" offset="1" sl="80" sc="13" el="80" ec="43" bec="0" bev="0" fileid="6" />
                <SequencePoint vc="38" uspid="94" ordinal="2" offset="9" sl="81" sc="13" el="81" ec="20" bec="0" bev="0" fileid="6" />
                <SequencePoint vc="38" uspid="95" ordinal="3" offset="10" sl="81" sc="35" el="81" ec="41" bec="0" bev="0" fileid="6" />
                <SequencePoint vc="1461" uspid="96" ordinal="4" offset="22" sl="81" sc="22" el="81" ec="31" bec="0" bev="0" fileid="6" />
                <SequencePoint vc="1461" uspid="97" ordinal="5" offset="29" sl="82" sc="17" el="82" ec="34" bec="0" bev="0" fileid="6" />
                <SequencePoint vc="1499" uspid="98" ordinal="6" offset="37" sl="81" sc="32" el="81" ec="34" bec="0" bev="0" fileid="6" />
                <SequencePoint vc="38" uspid="99" ordinal="7" offset="64" sl="83" sc="9" el="83" ec="10" bec="0" bev="0" fileid="6" />
              </SequencePoints>
              <BranchPoints />
              <MethodPoint xsi:type="SequencePoint" vc="38" uspid="92" ordinal="0" offset="0" sl="79" sc="9" el="79" ec="10" bec="0" bev="0" fileid="6" />
            </Method>
            <Method visited="true" cyclomaticComplexity="7" nPathComplexity="2" sequenceCoverage="100" branchCoverage="100" isConstructor="false" isStatic="false" isGetter="false" isSetter="false">
              <Summary numSequencePoints="11" visitedSequencePoints="11" numBranchPoints="3" visitedBranchPoints="3" sequenceCoverage="100" branchCoverage="100" maxCyclomaticComplexity="7" minCyclomaticComplexity="7" visitedClasses="0" numClasses="0" visitedMethods="1" numMethods="1" />
              <MetadataToken>100663326</MetadataToken>
              <Name>System.Void CanvasApplication.Models.Canvas::DrawRectangle(CanvasApplication.Models.Rectangle)</Name>
              <FileRef uid="6" />
              <SequencePoints>
                <SequencePoint vc="9" uspid="102" ordinal="0" offset="0" sl="86" sc="9" el="86" ec="10" bec="0" bev="0" fileid="6" />
                <SequencePoint vc="9" uspid="103" ordinal="1" offset="1" sl="87" sc="13" el="91" ec="15" bec="2" bev="2" fileid="6" />
                <SequencePoint vc="1" uspid="104" ordinal="2" offset="81" sl="92" sc="17" el="92" ec="111" bec="0" bev="0" fileid="6" />
                <SequencePoint vc="8" uspid="105" ordinal="3" offset="92" sl="94" sc="13" el="94" ec="25" bec="0" bev="0" fileid="6" />
                <SequencePoint vc="8" uspid="106" ordinal="4" offset="99" sl="96" sc="13" el="96" ec="46" bec="0" bev="0" fileid="6" />
                <SequencePoint vc="8" uspid="107" ordinal="5" offset="107" sl="98" sc="13" el="98" ec="20" bec="0" bev="0" fileid="6" />
                <SequencePoint vc="8" uspid="108" ordinal="6" offset="108" sl="98" sc="34" el="98" ec="39" bec="0" bev="0" fileid="6" />
                <SequencePoint vc="32" uspid="109" ordinal="7" offset="120" sl="98" sc="22" el="98" ec="30" bec="0" bev="0" fileid="6" />
                <SequencePoint vc="32" uspid="110" ordinal="8" offset="127" sl="99" sc="17" el="99" ec="37" bec="0" bev="0" fileid="6" />
                <SequencePoint vc="40" uspid="111" ordinal="9" offset="135" sl="98" sc="31" el="98" ec="33" bec="0" bev="0" fileid="6" />
                <SequencePoint vc="8" uspid="112" ordinal="10" offset="162" sl="100" sc="9" el="100" ec="10" bec="0" bev="0" fileid="6" />
              </SequencePoints>
              <BranchPoints>
                <BranchPoint vc="1" uspid="119" ordinal="6" offset="76" sl="87" path="0" offsetend="81" fileid="6" />
                <BranchPoint vc="8" uspid="120" ordinal="7" offset="76" sl="87" path="1" offsetend="92" fileid="6" />
              </BranchPoints>
              <MethodPoint xsi:type="SequencePoint" vc="9" uspid="102" ordinal="0" offset="0" sl="86" sc="9" el="86" ec="10" bec="0" bev="0" fileid="6" />
            </Method>
            <Method visited="true" cyclomaticComplexity="2" nPathComplexity="0" sequenceCoverage="100" branchCoverage="100" isConstructor="false" isStatic="false" isGetter="false" isSetter="false">
              <Summary numSequencePoints="3" visitedSequencePoints="3" numBranchPoints="1" visitedBranchPoints="1" sequenceCoverage="100" branchCoverage="100" maxCyclomaticComplexity="2" minCyclomaticComplexity="2" visitedClasses="0" numClasses="0" visitedMethods="1" numMethods="1" />
              <MetadataToken>100663327</MetadataToken>
              <Name>System.Boolean CanvasApplication.Models.Canvas::PointIsOutOfBounds(CanvasApplication.Models.Point)</Name>
              <FileRef uid="6" />
              <SequencePoints>
                <SequencePoint vc="15867" uspid="123" ordinal="0" offset="0" sl="103" sc="9" el="103" ec="10" bec="0" bev="0" fileid="6" />
                <SequencePoint vc="15867" uspid="124" ordinal="1" offset="1" sl="104" sc="13" el="104" ec="58" bec="0" bev="0" fileid="6" />
                <SequencePoint vc="15867" uspid="125" ordinal="2" offset="53" sl="105" sc="9" el="105" ec="10" bec="0" bev="0" fileid="6" />
              </SequencePoints>
              <BranchPoints />
              <MethodPoint xsi:type="SequencePoint" vc="15867" uspid="123" ordinal="0" offset="0" sl="103" sc="9" el="103" ec="10" bec="0" bev="0" fileid="6" />
            </Method>
            <Method visited="true" cyclomaticComplexity="1" nPathComplexity="0" sequenceCoverage="100" branchCoverage="100" isConstructor="false" isStatic="false" isGetter="false" isSetter="false">
              <Summary numSequencePoints="4" visitedSequencePoints="4" numBranchPoints="1" visitedBranchPoints="1" sequenceCoverage="100" branchCoverage="100" maxCyclomaticComplexity="1" minCyclomaticComplexity="1" visitedClasses="0" numClasses="0" visitedMethods="1" numMethods="1" />
              <MetadataToken>100663328</MetadataToken>
              <Name>System.Void CanvasApplication.Models.Canvas::DrawPoint(CanvasApplication.Models.Point)</Name>
              <FileRef uid="6" />
              <SequencePoints>
                <SequencePoint vc="1461" uspid="128" ordinal="0" offset="0" sl="108" sc="9" el="108" ec="10" bec="0" bev="0" fileid="6" />
                <SequencePoint vc="1461" uspid="129" ordinal="1" offset="1" sl="109" sc="13" el="109" ec="79" bec="0" bev="0" fileid="6" />
                <SequencePoint vc="1461" uspid="130" ordinal="2" offset="11" sl="110" sc="13" el="110" ec="51" bec="0" bev="0" fileid="6" />
                <SequencePoint vc="1461" uspid="131" ordinal="3" offset="37" sl="111" sc="9" el="111" ec="10" bec="0" bev="0" fileid="6" />
              </SequencePoints>
              <BranchPoints />
              <MethodPoint xsi:type="SequencePoint" vc="1461" uspid="128" ordinal="0" offset="0" sl="108" sc="9" el="108" ec="10" bec="0" bev="0" fileid="6" />
            </Method>
            <Method visited="true" cyclomaticComplexity="2" nPathComplexity="2" sequenceCoverage="100" branchCoverage="100" isConstructor="false" isStatic="false" isGetter="false" isSetter="false">
              <Summary numSequencePoints="6" visitedSequencePoints="6" numBranchPoints="3" visitedBranchPoints="3" sequenceCoverage="100" branchCoverage="100" maxCyclomaticComplexity="2" minCyclomaticComplexity="2" visitedClasses="0" numClasses="0" visitedMethods="1" numMethods="1" />
              <MetadataToken>100663329</MetadataToken>
              <Name>System.Void CanvasApplication.Models.Canvas::BucketFill(CanvasApplication.Models.IBucketFillParamerters)</Name>
              <FileRef uid="6" />
              <SequencePoints>
                <SequencePoint vc="6" uspid="132" ordinal="0" offset="0" sl="114" sc="9" el="114" ec="10" bec="0" bev="0" fileid="6" />
                <SequencePoint vc="6" uspid="133" ordinal="1" offset="1" sl="115" sc="13" el="115" ec="58" bec="2" bev="2" fileid="6" />
                <SequencePoint vc="1" uspid="134" ordinal="2" offset="20" sl="116" sc="17" el="116" ec="100" bec="0" bev="0" fileid="6" />
                <SequencePoint vc="5" uspid="135" ordinal="3" offset="31" sl="118" sc="13" el="118" ec="25" bec="0" bev="0" fileid="6" />
                <SequencePoint vc="5" uspid="136" ordinal="4" offset="38" sl="120" sc="13" el="120" ec="73" bec="0" bev="0" fileid="6" />
                <SequencePoint vc="5" uspid="137" ordinal="5" offset="58" sl="121" sc="9" el="121" ec="10" bec="0" bev="0" fileid="6" />
              </SequencePoints>
              <BranchPoints>
                <BranchPoint vc="1" uspid="138" ordinal="0" offset="15" sl="115" path="0" offsetend="20" fileid="6" />
                <BranchPoint vc="5" uspid="139" ordinal="1" offset="15" sl="115" path="1" offsetend="31" fileid="6" />
              </BranchPoints>
              <MethodPoint xsi:type="SequencePoint" vc="6" uspid="132" ordinal="0" offset="0" sl="114" sc="9" el="114" ec="10" bec="0" bev="0" fileid="6" />
            </Method>
            <Method visited="true" cyclomaticComplexity="8" nPathComplexity="128" sequenceCoverage="100" branchCoverage="100" isConstructor="false" isStatic="false" isGetter="false" isSetter="false">
              <Summary numSequencePoints="30" visitedSequencePoints="30" numBranchPoints="15" visitedBranchPoints="15" sequenceCoverage="100" branchCoverage="100" maxCyclomaticComplexity="8" minCyclomaticComplexity="8" visitedClasses="0" numClasses="0" visitedMethods="1" numMethods="1" />
              <MetadataToken>100663330</MetadataToken>
              <Name>System.Void CanvasApplication.Models.Canvas::InnerBucketFill(CanvasApplication.Models.Point,System.Char,System.Boolean)</Name>
              <FileRef uid="6" />
              <SequencePoints>
                <SequencePoint vc="8" uspid="140" ordinal="0" offset="13" sl="124" sc="9" el="124" ec="10" bec="0" bev="0" fileid="6" />
                <SequencePoint vc="8" uspid="141" ordinal="1" offset="14" sl="126" sc="13" el="126" ec="75" bec="0" bev="0" fileid="6" />
                <SequencePoint vc="8" uspid="142" ordinal="2" offset="45" sl="128" sc="13" el="128" ec="50" bec="0" bev="0" fileid="6" />
                <SequencePoint vc="8" uspid="143" ordinal="3" offset="56" sl="129" sc="13" el="129" ec="48" bec="0" bev="0" fileid="6" />
                <SequencePoint vc="8" uspid="144" ordinal="4" offset="67" sl="131" sc="13" el="131" ec="39" bec="0" bev="0" fileid="6" />
                <SequencePoint vc="8" uspid="145" ordinal="5" offset="80" sl="133" sc="13" el="133" ec="130" bec="0" bev="0" fileid="6" />
                <SequencePoint vc="15166" uspid="146" ordinal="6" offset="98" sl="136" sc="13" el="136" ec="14" bec="0" bev="0" fileid="6" />
                <SequencePoint vc="15166" uspid="147" ordinal="7" offset="99" sl="137" sc="17" el="137" ec="56" bec="0" bev="0" fileid="6" />
                <SequencePoint vc="15166" uspid="148" ordinal="8" offset="111" sl="139" sc="17" el="139" ec="45" bec="0" bev="0" fileid="6" />
                <SequencePoint vc="15166" uspid="149" ordinal="9" offset="124" sl="141" sc="17" el="141" ec="92" bec="2" bev="2" fileid="6" />
                <SequencePoint vc="14225" uspid="150" ordinal="10" offset="166" sl="142" sc="17" el="142" ec="18" bec="0" bev="0" fileid="6" />
                <SequencePoint vc="14225" uspid="151" ordinal="11" offset="167" sl="143" sc="21" el="143" ec="43" bec="2" bev="2" fileid="6" />
                <SequencePoint vc="1280" uspid="152" ordinal="12" offset="177" sl="144" sc="25" el="144" ec="117" bec="0" bev="0" fileid="6" />
                <SequencePoint vc="12945" uspid="153" ordinal="13" offset="214" sl="146" sc="25" el="146" ec="107" bec="0" bev="0" fileid="6" />
                <SequencePoint vc="14225" uspid="154" ordinal="14" offset="246" sl="148" sc="21" el="148" ec="87" bec="0" bev="0" fileid="6" />
                <SequencePoint vc="14225" uspid="155" ordinal="15" offset="269" sl="149" sc="21" el="149" ec="55" bec="2" bev="2" fileid="6" />
                <SequencePoint vc="249" uspid="156" ordinal="16" offset="286" sl="150" sc="25" el="150" ec="58" bec="0" bev="0" fileid="6" />
                <SequencePoint vc="14225" uspid="157" ordinal="17" offset="300" sl="152" sc="21" el="152" ec="88" bec="0" bev="0" fileid="6" />
                <SequencePoint vc="14225" uspid="158" ordinal="18" offset="323" sl="153" sc="21" el="153" ec="56" bec="2" bev="2" fileid="6" />
                <SequencePoint vc="676" uspid="159" ordinal="19" offset="340" sl="154" sc="25" el="154" ec="59" bec="0" bev="0" fileid="6" />
                <SequencePoint vc="14225" uspid="160" ordinal="20" offset="354" sl="156" sc="21" el="156" ec="86" bec="0" bev="0" fileid="6" />
                <SequencePoint vc="14225" uspid="161" ordinal="21" offset="377" sl="157" sc="21" el="157" ec="54" bec="2" bev="2" fileid="6" />
                <SequencePoint vc="1176" uspid="162" ordinal="22" offset="394" sl="158" sc="25" el="158" ec="57" bec="0" bev="0" fileid="6" />
                <SequencePoint vc="14225" uspid="163" ordinal="23" offset="408" sl="160" sc="21" el="160" ec="89" bec="0" bev="0" fileid="6" />
                <SequencePoint vc="14225" uspid="164" ordinal="24" offset="431" sl="161" sc="21" el="161" ec="57" bec="2" bev="2" fileid="6" />
                <SequencePoint vc="13057" uspid="165" ordinal="25" offset="448" sl="162" sc="25" el="162" ec="60" bec="0" bev="0" fileid="6" />
                <SequencePoint vc="14225" uspid="166" ordinal="26" offset="462" sl="163" sc="17" el="163" ec="18" bec="0" bev="0" fileid="6" />
                <SequencePoint vc="15166" uspid="167" ordinal="27" offset="463" sl="164" sc="13" el="164" ec="14" bec="0" bev="0" fileid="6" />
                <SequencePoint vc="15174" uspid="168" ordinal="28" offset="464" sl="135" sc="13" el="135" ec="40" bec="2" bev="2" fileid="6" />
                <SequencePoint vc="8" uspid="169" ordinal="29" offset="487" sl="165" sc="9" el="165" ec="10" bec="0" bev="0" fileid="6" />
              </SequencePoints>
              <BranchPoints>
                <BranchPoint vc="14225" uspid="170" ordinal="0" offset="161" sl="141" path="0" offsetend="166" fileid="6" />
                <BranchPoint vc="941" uspid="171" ordinal="1" offset="161" sl="141" path="1" offsetend="463" fileid="6" />
                <BranchPoint vc="1280" uspid="172" ordinal="2" offset="172" sl="143" path="0" offsetend="177" fileid="6" />
                <BranchPoint vc="12945" uspid="173" ordinal="3" offset="172" sl="143" path="1" offsetend="214" fileid="6" />
                <BranchPoint vc="249" uspid="174" ordinal="4" offset="281" sl="149" path="0" offsetend="286" fileid="6" />
                <BranchPoint vc="13976" uspid="175" ordinal="5" offset="281" sl="149" path="1" offsetend="300" fileid="6" />
                <BranchPoint vc="676" uspid="176" ordinal="6" offset="335" sl="153" path="0" offsetend="340" fileid="6" />
                <BranchPoint vc="13549" uspid="177" ordinal="7" offset="335" sl="153" path="1" offsetend="354" fileid="6" />
                <BranchPoint vc="1176" uspid="178" ordinal="8" offset="389" sl="157" path="0" offsetend="394" fileid="6" />
                <BranchPoint vc="13049" uspid="179" ordinal="9" offset="389" sl="157" path="1" offsetend="408" fileid="6" />
                <BranchPoint vc="13057" uspid="180" ordinal="10" offset="443" sl="161" path="0" offsetend="448" fileid="6" />
                <BranchPoint vc="1168" uspid="181" ordinal="11" offset="443" sl="161" path="1" offsetend="462" fileid="6" />
                <BranchPoint vc="8" uspid="182" ordinal="12" offset="482" sl="135" path="0" offsetend="487" fileid="6" />
                <BranchPoint vc="15166" uspid="183" ordinal="13" offset="482" sl="135" path="1" offsetend="98" fileid="6" />
              </BranchPoints>
              <MethodPoint vc="8" uspid="184" ordinal="0" offset="0" />
            </Method>
            <Method visited="true" cyclomaticComplexity="2" nPathComplexity="2" sequenceCoverage="100" branchCoverage="100" isConstructor="false" isStatic="false" isGetter="false" isSetter="false">
              <Summary numSequencePoints="6" visitedSequencePoints="6" numBranchPoints="3" visitedBranchPoints="3" sequenceCoverage="100" branchCoverage="100" maxCyclomaticComplexity="2" minCyclomaticComplexity="2" visitedClasses="0" numClasses="0" visitedMethods="1" numMethods="1" />
              <MetadataToken>100663331</MetadataToken>
              <Name>System.Void CanvasApplication.Models.Canvas::Delete(CanvasApplication.Models.Point)</Name>
              <FileRef uid="6" />
              <SequencePoints>
                <SequencePoint vc="4" uspid="185" ordinal="0" offset="0" sl="168" sc="9" el="168" ec="10" bec="0" bev="0" fileid="6" />
                <SequencePoint vc="4" uspid="186" ordinal="1" offset="1" sl="169" sc="13" el="169" ec="44" bec="2" bev="2" fileid="6" />
                <SequencePoint vc="1" uspid="187" ordinal="2" offset="15" sl="170" sc="17" el="170" ec="100" bec="0" bev="0" fileid="6" />
                <SequencePoint vc="3" uspid="188" ordinal="3" offset="26" sl="172" sc="13" el="172" ec="25" bec="0" bev="0" fileid="6" />
                <SequencePoint vc="3" uspid="189" ordinal="4" offset="33" sl="174" sc="13" el="174" ec="67" bec="0" bev="0" fileid="6" />
                <SequencePoint vc="3" uspid="190" ordinal="5" offset="44" sl="175" sc="9" el="175" ec="10" bec="0" bev="0" fileid="6" />
              </SequencePoints>
              <BranchPoints>
                <BranchPoint vc="1" uspid="191" ordinal="0" offset="10" sl="169" path="0" offsetend="15" fileid="6" />
                <BranchPoint vc="3" uspid="192" ordinal="1" offset="10" sl="169" path="1" offsetend="26" fileid="6" />
              </BranchPoints>
              <MethodPoint xsi:type="SequencePoint" vc="4" uspid="185" ordinal="0" offset="0" sl="168" sc="9" el="168" ec="10" bec="0" bev="0" fileid="6" />
            </Method>
            <Method visited="true" cyclomaticComplexity="2" nPathComplexity="2" sequenceCoverage="100" branchCoverage="100" isConstructor="false" isStatic="false" isGetter="false" isSetter="false">
              <Summary numSequencePoints="4" visitedSequencePoints="4" numBranchPoints="3" visitedBranchPoints="3" sequenceCoverage="100" branchCoverage="100" maxCyclomaticComplexity="2" minCyclomaticComplexity="2" visitedClasses="0" numClasses="0" visitedMethods="1" numMethods="1" />
              <MetadataToken>100663332</MetadataToken>
              <Name>System.Void CanvasApplication.Models.Canvas::Undo()</Name>
              <FileRef uid="6" />
              <SequencePoints>
                <SequencePoint vc="7" uspid="193" ordinal="0" offset="0" sl="178" sc="9" el="178" ec="10" bec="0" bev="0" fileid="6" />
                <SequencePoint vc="7" uspid="194" ordinal="1" offset="1" sl="179" sc="13" el="179" ec="43" bec="2" bev="2" fileid="6" />
                <SequencePoint vc="6" uspid="195" ordinal="2" offset="22" sl="180" sc="17" el="180" ec="47" bec="0" bev="0" fileid="6" />
                <SequencePoint vc="7" uspid="196" ordinal="3" offset="40" sl="181" sc="9" el="181" ec="10" bec="0" bev="0" fileid="6" />
              </SequencePoints>
              <BranchPoints>
                <BranchPoint vc="6" uspid="197" ordinal="0" offset="17" sl="179" path="0" offsetend="22" fileid="6" />
                <BranchPoint vc="1" uspid="198" ordinal="1" offset="17" sl="179" path="1" offsetend="40" fileid="6" />
              </BranchPoints>
              <MethodPoint xsi:type="SequencePoint" vc="7" uspid="193" ordinal="0" offset="0" sl="178" sc="9" el="178" ec="10" bec="0" bev="0" fileid="6" />
            </Method>
            <Method visited="true" cyclomaticComplexity="1" nPathComplexity="0" sequenceCoverage="100" branchCoverage="100" isConstructor="false" isStatic="false" isGetter="false" isSetter="false">
              <Summary numSequencePoints="5" visitedSequencePoints="5" numBranchPoints="1" visitedBranchPoints="1" sequenceCoverage="100" branchCoverage="100" maxCyclomaticComplexity="1" minCyclomaticComplexity="1" visitedClasses="0" numClasses="0" visitedMethods="1" numMethods="1" />
              <MetadataToken>100663333</MetadataToken>
              <Name>System.Void CanvasApplication.Models.Canvas::SaveState()</Name>
              <FileRef uid="6" />
              <SequencePoints>
                <SequencePoint vc="22" uspid="199" ordinal="0" offset="0" sl="184" sc="9" el="184" ec="10" bec="0" bev="0" fileid="6" />
                <SequencePoint vc="22" uspid="200" ordinal="1" offset="1" sl="185" sc="13" el="185" ec="55" bec="0" bev="0" fileid="6" />
                <SequencePoint vc="22" uspid="201" ordinal="2" offset="19" sl="186" sc="13" el="186" ec="52" bec="0" bev="0" fileid="6" />
                <SequencePoint vc="22" uspid="202" ordinal="3" offset="43" sl="187" sc="13" el="187" ec="41" bec="0" bev="0" fileid="6" />
                <SequencePoint vc="22" uspid="203" ordinal="4" offset="56" sl="188" sc="9" el="188" ec="10" bec="0" bev="0" fileid="6" />
              </SequencePoints>
              <BranchPoints />
              <MethodPoint xsi:type="SequencePoint" vc="22" uspid="199" ordinal="0" offset="0" sl="184" sc="9" el="184" ec="10" bec="0" bev="0" fileid="6" />
            </Method>
            <Method visited="false" cyclomaticComplexity="3" nPathComplexity="4" sequenceCoverage="0" branchCoverage="0" isConstructor="false" isStatic="false" isGetter="false" isSetter="false">
              <Summary numSequencePoints="23" visitedSequencePoints="0" numBranchPoints="5" visitedBranchPoints="0" sequenceCoverage="0" branchCoverage="0" maxCyclomaticComplexity="3" minCyclomaticComplexity="3" visitedClasses="0" numClasses="0" visitedMethods="0" numMethods="1" />
              <MetadataToken>100663334</MetadataToken>
              <Name>System.String CanvasApplication.Models.Canvas::ToString()</Name>
              <FileRef uid="6" />
              <SequencePoints>
                <SequencePoint vc="0" uspid="204" ordinal="0" offset="0" sl="191" sc="9" el="191" ec="10" bec="0" bev="0" fileid="6" />
                <SequencePoint vc="0" uspid="205" ordinal="1" offset="1" sl="192" sc="13" el="192" ec="42" bec="0" bev="0" fileid="6" />
                <SequencePoint vc="0" uspid="206" ordinal="2" offset="7" sl="194" sc="13" el="194" ec="28" bec="0" bev="0" fileid="6" />
                <SequencePoint vc="0" uspid="207" ordinal="3" offset="16" sl="195" sc="13" el="195" ec="28" bec="0" bev="0" fileid="6" />
                <SequencePoint vc="0" uspid="208" ordinal="4" offset="24" sl="197" sc="13" el="197" ec="44" bec="0" bev="0" fileid="6" />
                <SequencePoint vc="0" uspid="209" ordinal="5" offset="36" sl="199" sc="18" el="199" ec="27" bec="0" bev="0" fileid="6" />
                <SequencePoint vc="0" uspid="210" ordinal="6" offset="43" sl="200" sc="13" el="200" ec="14" bec="0" bev="0" fileid="6" />
                <SequencePoint vc="0" uspid="211" ordinal="7" offset="44" sl="201" sc="17" el="201" ec="32" bec="0" bev="0" fileid="6" />
                <SequencePoint vc="0" uspid="212" ordinal="8" offset="53" sl="202" sc="22" el="202" ec="31" bec="0" bev="0" fileid="6" />
                <SequencePoint vc="0" uspid="213" ordinal="9" offset="60" sl="203" sc="17" el="203" ec="18" bec="0" bev="0" fileid="6" />
                <SequencePoint vc="0" uspid="214" ordinal="10" offset="61" sl="204" sc="21" el="204" ec="51" bec="0" bev="0" fileid="6" />
                <SequencePoint vc="0" uspid="215" ordinal="11" offset="86" sl="205" sc="17" el="205" ec="18" bec="0" bev="0" fileid="6" />
                <SequencePoint vc="0" uspid="216" ordinal="12" offset="87" sl="202" sc="44" el="202" ec="47" bec="0" bev="0" fileid="6" />
                <SequencePoint vc="0" uspid="217" ordinal="13" offset="91" sl="202" sc="33" el="202" ec="42" bec="2" bev="0" fileid="6" />
                <SequencePoint vc="0" uspid="218" ordinal="14" offset="104" sl="206" sc="17" el="206" ec="32" bec="0" bev="0" fileid="6" />
                <SequencePoint vc="0" uspid="219" ordinal="15" offset="113" sl="207" sc="17" el="207" ec="48" bec="0" bev="0" fileid="6" />
                <SequencePoint vc="0" uspid="220" ordinal="16" offset="125" sl="208" sc="13" el="208" ec="14" bec="0" bev="0" fileid="6" />
                <SequencePoint vc="0" uspid="221" ordinal="17" offset="126" sl="199" sc="41" el="199" ec="44" bec="0" bev="0" fileid="6" />
                <SequencePoint vc="0" uspid="222" ordinal="18" offset="130" sl="199" sc="29" el="199" ec="39" bec="2" bev="0" fileid="6" />
                <SequencePoint vc="0" uspid="223" ordinal="19" offset="145" sl="210" sc="13" el="210" ec="28" bec="0" bev="0" fileid="6" />
                <SequencePoint vc="0" uspid="224" ordinal="20" offset="154" sl="211" sc="13" el="211" ec="28" bec="0" bev="0" fileid="6" />
                <SequencePoint vc="0" uspid="225" ordinal="21" offset="162" sl="213" sc="13" el="213" ec="34" bec="0" bev="0" fileid="6" />
                <SequencePoint vc="0" uspid="226" ordinal="22" offset="175" sl="214" sc="9" el="214" ec="10" bec="0" bev="0" fileid="6" />
              </SequencePoints>
              <BranchPoints>
                <BranchPoint vc="0" uspid="227" ordinal="0" offset="102" sl="202" path="0" offsetend="104" fileid="6" />
                <BranchPoint vc="0" uspid="228" ordinal="1" offset="102" sl="202" path="1" offsetend="60" fileid="6" />
                <BranchPoint vc="0" uspid="229" ordinal="2" offset="143" sl="199" path="0" offsetend="145" fileid="6" />
                <BranchPoint vc="0" uspid="230" ordinal="3" offset="143" sl="199" path="1" offsetend="43" fileid="6" />
              </BranchPoints>
              <MethodPoint xsi:type="SequencePoint" vc="0" uspid="204" ordinal="0" offset="0" sl="191" sc="9" el="191" ec="10" bec="0" bev="0" fileid="6" />
            </Method>
            <Method visited="false" cyclomaticComplexity="1" nPathComplexity="0" sequenceCoverage="0" branchCoverage="0" isConstructor="false" isStatic="false" isGetter="false" isSetter="false">
              <Summary numSequencePoints="3" visitedSequencePoints="0" numBranchPoints="1" visitedBranchPoints="0" sequenceCoverage="0" branchCoverage="0" maxCyclomaticComplexity="1" minCyclomaticComplexity="1" visitedClasses="0" numClasses="0" visitedMethods="0" numMethods="1" />
              <MetadataToken>100663335</MetadataToken>
              <Name>System.Void CanvasApplication.Models.Canvas::FooterLine(System.Text.StringBuilder)</Name>
              <FileRef uid="6" />
              <SequencePoints>
                <SequencePoint vc="0" uspid="231" ordinal="0" offset="0" sl="217" sc="9" el="217" ec="10" bec="0" bev="0" fileid="6" />
[...]
                <SequencePoint vc="0" uspid="464" ordinal="0" offset="0" sl="11" sc="9" el="11" ec="10" bec="0" bev="0" fileid="37" />
                <SequencePoint vc="0" uspid="465" ordinal="1" offset="1" sl="12" sc="13" el="12" ec="33" bec="0" bev="0" fileid="37" />
                <SequencePoint vc="0" uspid="466" ordinal="2" offset="8" sl="13" sc="9" el="13" ec="10" bec="0" bev="0" fileid="37" />
              </SequencePoints>
              <BranchPoints />
              <MethodPoint xsi:type="SequencePoint" vc="0" uspid="464" ordinal="0" offset="0" sl="11" sc="9" el="11" ec="10" bec="0" bev="0" fileid="37" />
            </Method>
            <Method visited="false" cyclomaticComplexity="1" nPathComplexity="0" sequenceCoverage="0" branchCoverage="0" isConstructor="true" isStatic="false" isGetter="false" isSetter="false">
              <Summary numSequencePoints="0" visitedSequencePoints="0" numBranchPoints="0" visitedBranchPoints="0" sequenceCoverage="0" branchCoverage="0" maxCyclomaticComplexity="1" minCyclomaticComplexity="1" visitedClasses="0" numClasses="0" visitedMethods="0" numMethods="0" />
              <MetadataToken>100663423</MetadataToken>
              <Name>System.Void CanvasApplication.Commands.QuitCommand::.ctor()</Name>
              <SequencePoints />
              <BranchPoints />
              <MethodPoint vc="0" uspid="467" ordinal="0" offset="0" />
            </Method>
          </Methods>
        </Class>
        <Class>
          <Summary numSequencePoints="4" visitedSequencePoints="4" numBranchPoints="1" visitedBranchPoints="1" sequenceCoverage="100" branchCoverage="100" maxCyclomaticComplexity="1" minCyclomaticComplexity="1" visitedClasses="1" numClasses="1" visitedMethods="1" numMethods="1" />
          <FullName>CanvasApplication.Commands.UndoCommand</FullName>
          <Methods>
            <Method visited="true" cyclomaticComplexity="1" nPathComplexity="0" sequenceCoverage="100" branchCoverage="100" isConstructor="false" isStatic="false" isGetter="false" isSetter="false">
              <Summary numSequencePoints="4" visitedSequencePoints="4" numBranchPoints="1" visitedBranchPoints="1" sequenceCoverage="100" branchCoverage="100" maxCyclomaticComplexity="1" minCyclomaticComplexity="1" visitedClasses="0" numClasses="0" visitedMethods="1" numMethods="1" />
              <MetadataToken>100663424</MetadataToken>
              <Name>System.Void CanvasApplication.Commands.UndoCommand::Execute(CanvasApplication.Models.ICanvas)</Name>
              <FileRef uid="39" />
              <SequencePoints>
                <SequencePoint vc="2" uspid="468" ordinal="0" offset="0" sl="13" sc="13" el="13" ec="123" bec="0" bev="0" fileid="39" />
                <SequencePoint vc="1" uspid="469" ordinal="1" offset="20" sl="12" sc="9" el="12" ec="10" bec="0" bev="0" fileid="39" />
                <SequencePoint vc="1" uspid="470" ordinal="2" offset="21" sl="14" sc="13" el="14" ec="27" bec="0" bev="0" fileid="39" />
                <SequencePoint vc="1" uspid="471" ordinal="3" offset="28" sl="15" sc="9" el="15" ec="10" bec="0" bev="0" fileid="39" />
              </SequencePoints>
              <BranchPoints />
              <MethodPoint xsi:type="SequencePoint" vc="2" uspid="468" ordinal="0" offset="0" sl="13" sc="13" el="13" ec="123" bec="0" bev="0" fileid="39" />
            </Method>
            <Method visited="true" cyclomaticComplexity="1" nPathComplexity="0" sequenceCoverage="0" branchCoverage="0" isConstructor="true" isStatic="false" isGetter="false" isSetter="false">
              <Summary numSequencePoints="0" visitedSequencePoints="0" numBranchPoints="0" visitedBranchPoints="0" sequenceCoverage="0" branchCoverage="0" maxCyclomaticComplexity="1" minCyclomaticComplexity="1" visitedClasses="0" numClasses="0" visitedMethods="0" numMethods="0" />
              <MetadataToken>100663425</MetadataToken>
              <Name>System.Void CanvasApplication.Commands.UndoCommand::.ctor()</Name>
              <SequencePoints />
              <BranchPoints />
              <MethodPoint vc="2" uspid="472" ordinal="0" offset="0" />
            </Method>
          </Methods>
        </Class>
        <Class>
          <Summary numSequencePoints="0" visitedSequencePoints="0" numBranchPoints="0" visitedBranchPoints="0" sequenceCoverage="0" branchCoverage="0" maxCyclomaticComplexity="6" minCyclomaticComplexity="1" visitedClasses="0" numClasses="0" visitedMethods="0" numMethods="0" />
          <FullName>System.Diagnostics.Contracts.__ContractsRuntime</FullName>
          <Methods>
            <Method visited="true" cyclomaticComplexity="6" nPathComplexity="0" sequenceCoverage="0" branchCoverage="0" isConstructor="false" isStatic="true" isGetter="false" isSetter="false">
              <Summary numSequencePoints="0" visitedSequencePoints="0" numBranchPoints="0" visitedBranchPoints="0" sequenceCoverage="0" branchCoverage="0" maxCyclomaticComplexity="6" minCyclomaticComplexity="6" visitedClasses="0" numClasses="0" visitedMethods="0" numMethods="0" />
              <MetadataToken>100663426</MetadataToken>
              <Name>System.Void System.Diagnostics.Contracts.__ContractsRuntime::Requires(System.Boolean,System.String,System.String)</Name>
              <SequencePoints />
              <BranchPoints />
              <MethodPoint vc="84" uspid="473" ordinal="0" offset="0" />
            </Method>
            <Method visited="false" cyclomaticComplexity="2" nPathComplexity="0" sequenceCoverage="0" branchCoverage="0" isConstructor="false" isStatic="true" isGetter="false" isSetter="false">
              <Summary numSequencePoints="0" visitedSequencePoints="0" numBranchPoints="0" visitedBranchPoints="0" sequenceCoverage="0" branchCoverage="0" maxCyclomaticComplexity="2" minCyclomaticComplexity="2" visitedClasses="0" numClasses="0" visitedMethods="0" numMethods="0" />
              <MetadataToken>100663427</MetadataToken>
              <Name>System.Void System.Diagnostics.Contracts.__ContractsRuntime::ReportFailure(System.Diagnostics.Contracts.ContractFailureKind,System.String,System.String,System.Exception)</Name>
              <SequencePoints />
              <BranchPoints />
              <MethodPoint vc="0" uspid="474" ordinal="0" offset="0" />
            </Method>
            <Method visited="false" cyclomaticComplexity="1" nPathComplexity="0" sequenceCoverage="0" branchCoverage="0" isConstructor="false" isStatic="true" isGetter="false" isSetter="false">
              <Summary numSequencePoints="0" visitedSequencePoints="0" numBranchPoints="0" visitedBranchPoints="0" sequenceCoverage="0" branchCoverage="0" maxCyclomaticComplexity="1" minCyclomaticComplexity="1" visitedClasses="0" numClasses="0" visitedMethods="0" numMethods="0" />
              <MetadataToken>100663428</MetadataToken>
              <Name>System.Void System.Diagnostics.Contracts.__ContractsRuntime::TriggerFailure(System.Diagnostics.Contracts.ContractFailureKind,System.String,System.String,System.String,System.Exception)</Name>
              <SequencePoints />
              <BranchPoints />
              <MethodPoint vc="0" uspid="475" ordinal="0" offset="0" />
            </Method>
            <Method visited="true" cyclomaticComplexity="2" nPathComplexity="0" sequenceCoverage="0" branchCoverage="0" isConstructor="false" isStatic="true" isGetter="false" isSetter="false">
              <Summary numSequencePoints="0" visitedSequencePoints="0" numBranchPoints="0" visitedBranchPoints="0" sequenceCoverage="0" branchCoverage="0" maxCyclomaticComplexity="2" minCyclomaticComplexity="2" visitedClasses="0" numClasses="0" visitedMethods="0" numMethods="0" />
              <MetadataToken>100663429</MetadataToken>
              <Name>System.Void System.Diagnostics.Contracts.__ContractsRuntime::Ensures(System.Boolean,System.String,System.String)</Name>
              <SequencePoints />
              <BranchPoints />
              <MethodPoint vc="7" uspid="476" ordinal="0" offset="0" />
            </Method>
          </Methods>
        </Class>
        <Class>
          <Summary numSequencePoints="0" visitedSequencePoints="0" numBranchPoints="0" visitedBranchPoints="0" sequenceCoverage="0" branchCoverage="0" maxCyclomaticComplexity="2" minCyclomaticComplexity="1" visitedClasses="0" numClasses="0" visitedMethods="0" numMethods="0" />
          <FullName>System.Diagnostics.Contracts.__ContractsRuntime/ContractException</FullName>
          <Methods>
            <Method visited="false" cyclomaticComplexity="1" nPathComplexity="0" sequenceCoverage="0" branchCoverage="0" isConstructor="false" isStatic="false" isGetter="true" isSetter="false">
              <Summary numSequencePoints="0" visitedSequencePoints="0" numBranchPoints="0" visitedBranchPoints="0" sequenceCoverage="0" branchCoverage="0" maxCyclomaticComplexity="1" minCyclomaticComplexity="1" visitedClasses="0" numClasses="0" visitedMethods="0" numMethods="0" />
              <MetadataToken>100663442</MetadataToken>
              <Name>System.Diagnostics.Contracts.ContractFailureKind System.Diagnostics.Contracts.__ContractsRuntime/ContractException::get_Kind()</Name>
              <SequencePoints />
              <BranchPoints />
              <MethodPoint vc="0" uspid="477" ordinal="0" offset="0" />
            </Method>
            <Method visited="false" cyclomaticComplexity="1" nPathComplexity="0" sequenceCoverage="0" branchCoverage="0" isConstructor="false" isStatic="false" isGetter="true" isSetter="false">
              <Summary numSequencePoints="0" visitedSequencePoints="0" numBranchPoints="0" visitedBranchPoints="0" sequenceCoverage="0" branchCoverage="0" maxCyclomaticComplexity="1" minCyclomaticComplexity="1" visitedClasses="0" numClasses="0" visitedMethods="0" numMethods="0" />
              <MetadataToken>100663443</MetadataToken>
              <Name>System.String System.Diagnostics.Contracts.__ContractsRuntime/ContractException::get_Failure()</Name>
              <SequencePoints />
              <BranchPoints />
              <MethodPoint vc="0" uspid="478" ordinal="0" offset="0" />
            </Method>
            <Method visited="false" cyclomaticComplexity="1" nPathComplexity="0" sequenceCoverage="0" branchCoverage="0" isConstructor="false" isStatic="false" isGetter="true" isSetter="false">
              <Summary numSequencePoints="0" visitedSequencePoints="0" numBranchPoints="0" visitedBranchPoints="0" sequenceCoverage="0" branchCoverage="0" maxCyclomaticComplexity="1" minCyclomaticComplexity="1" visitedClasses="0" numClasses="0" visitedMethods="0" numMethods="0" />
              <MetadataToken>100663444</MetadataToken>
              <Name>System.String System.Diagnostics.Contracts.__ContractsRuntime/ContractException::get_UserMessage()</Name>
              <SequencePoints />
              <BranchPoints />
              <MethodPoint vc="0" uspid="479" ordinal="0" offset="0" />
            </Method>
            <Method visited="false" cyclomaticComplexity="1" nPathComplexity="0" sequenceCoverage="0" branchCoverage="0" isConstructor="false" isStatic="false" isGetter="true" isSetter="false">
              <Summary numSequencePoints="0" visitedSequencePoints="0" numBranchPoints="0" visitedBranchPoints="0" sequenceCoverage="0" branchCoverage="0" maxCyclomaticComplexity="1" minCyclomaticComplexity="1" visitedClasses="0" numClasses="0" visitedMethods="0" numMethods="0" />
              <MetadataToken>100663445</MetadataToken>
              <Name>System.String System.Diagnostics.Contracts.__ContractsRuntime/ContractException::get_Condition()</Name>
              <SequencePoints />
              <BranchPoints />
              <MethodPoint vc="0" uspid="480" ordinal="0" offset="0" />
            </Method>
            <Method visited="false" cyclomaticComplexity="2" nPathComplexity="0" sequenceCoverage="0" branchCoverage="0" isConstructor="true" isStatic="false" isGetter="false" isSetter="false">
              <Summary numSequencePoints="0" visitedSequencePoints="0" numBranchPoints="0" visitedBranchPoints="0" sequenceCoverage="0" branchCoverage="0" maxCyclomaticComplexity="2" minCyclomaticComplexity="2" visitedClasses="0" numClasses="0" visitedMethods="0" numMethods="0" />
              <MetadataToken>100663446</MetadataToken>
              <Name>System.Void System.Diagnostics.Contracts.__ContractsRuntime/ContractException::.ctor(System.Diagnostics.Contracts.ContractFailureKind,System.String,System.String,System.String,System.Exception)</Name>
              <SequencePoints />
              <BranchPoints />
              <MethodPoint vc="0" uspid="481" ordinal="0" offset="0" />
            </Method>
            <Method visited="false" cyclomaticComplexity="1" nPathComplexity="0" sequenceCoverage="0" branchCoverage="0" isConstructor="false" isStatic="false" isGetter="false" isSetter="false">
              <Summary numSequencePoints="0" visitedSequencePoints="0" numBranchPoints="0" visitedBranchPoints="0" sequenceCoverage="0" branchCoverage="0" maxCyclomaticComplexity="1" minCyclomaticComplexity="1" visitedClasses="0" numClasses="0" visitedMethods="0" numMethods="0" />
              <MetadataToken>100663447</MetadataToken>
              <Name>System.Void System.Diagnostics.Contracts.__ContractsRuntime/ContractException::&lt;.ctor&gt;b__0(System.Object,System.Runtime.Serialization.SafeSerializationEventArgs)</Name>
              <SequencePoints />
              <BranchPoints />
              <MethodPoint vc="0" uspid="482" ordinal="0" offset="0" />
            </Method>
          </Methods>
        </Class>
        <Class>
          <Summary numSequencePoints="0" visitedSequencePoints="0" numBranchPoints="0" visitedBranchPoints="0" sequenceCoverage="0" branchCoverage="0" maxCyclomaticComplexity="1" minCyclomaticComplexity="1" visitedClasses="0" numClasses="0" visitedMethods="0" numMethods="0" />
          <FullName>System.Diagnostics.Contracts.__ContractsRuntime/ContractException/ContractExceptionData</FullName>
          <Methods>
            <Method visited="false" cyclomaticComplexity="1" nPathComplexity="0" sequenceCoverage="0" branchCoverage="0" isConstructor="false" isStatic="false" isGetter="false" isSetter="false">
              <Summary numSequencePoints="0" visitedSequencePoints="0" numBranchPoints="0" visitedBranchPoints="0" sequenceCoverage="0" branchCoverage="0" maxCyclomaticComplexity="1" minCyclomaticComplexity="1" visitedClasses="0" numClasses="0" visitedMethods="0" numMethods="0" />
              <MetadataToken>100663448</MetadataToken>
              <Name>System.Void System.Diagnostics.Contracts.__ContractsRuntime/ContractException/ContractExceptionData::System.Runtime.Serialization.ISafeSerializationData.CompleteDeserialization(System.Object)</Name>
              <SequencePoints />
              <BranchPoints />
              <MethodPoint vc="0" uspid="483" ordinal="0" offset="0" />
            </Method>
          </Methods>
        </Class>
        <Class>
          <Summary numSequencePoints="0" visitedSequencePoints="0" numBranchPoints="0" visitedBranchPoints="0" sequenceCoverage="0" branchCoverage="0" maxCyclomaticComplexity="1" minCyclomaticComplexity="1" visitedClasses="0" numClasses="0" visitedMethods="0" numMethods="0" />
          <FullName>System.Diagnostics.Contracts.RuntimeContractsAttribute</FullName>
          <Methods>
            <Method visited="false" cyclomaticComplexity="1" nPathComplexity="0" sequenceCoverage="0" branchCoverage="0" isConstructor="true" isStatic="false" isGetter="false" isSetter="false">
              <Summary numSequencePoints="0" visitedSequencePoints="0" numBranchPoints="0" visitedBranchPoints="0" sequenceCoverage="0" branchCoverage="0" maxCyclomaticComplexity="1" minCyclomaticComplexity="1" visitedClasses="0" numClasses="0" visitedMethods="0" numMethods="0" />
              <MetadataToken>100663430</MetadataToken>
              <Name>System.Void System.Diagnostics.Contracts.RuntimeContractsAttribute::.ctor(System.Diagnostics.Contracts.RuntimeContractsFlags)</Name>
              <SequencePoints />
              <BranchPoints />
              <MethodPoint vc="0" uspid="484" ordinal="0" offset="0" />
            </Method>
          </Methods>
        </Class>
      </Classes>
    </Module>
    <Module skippedDueTo="Filter" hash="F2-26-5B-FA-55-E9-5B-BC-DD-3A-32-56-2C-38-71-11-1A-8E-6D-32">
      <ModulePath>C:\WINDOWS\Microsoft.Net\assembly\GAC_MSIL\System.Xml\v4.0_4.0.0.0__b77a5c561934e089\System.Xml.dll</ModulePath>
      <ModuleTime>2018-04-11T23:35:17.0290261Z</ModuleTime>
      <ModuleName>System.Xml</ModuleName>
      <Classes />
    </Module>
    <Module skippedDueTo="Filter" hash="A5-18-4D-E1-8D-B8-95-5E-1B-05-65-BD-A6-36-21-76-83-B2-B1-96">
      <ModulePath>C:\Users\pp\Documents\Visual Studio 2015\Projects\Canvas\RunTests\FluentAssertions.dll</ModulePath>
      <ModuleTime>2018-04-18T21:47:44Z</ModuleTime>
      <ModuleName>FluentAssertions</ModuleName>
      <Classes />
    </Module>
    <Module skippedDueTo="Filter" hash="">
      <ModulePath>RefEmit_InMemoryManifestModule</ModulePath>
      <ModuleTime>0001-01-01T00:00:00</ModuleTime>
      <ModuleName>Anonymously Hosted DynamicMethods Assembly</ModuleName>
      <Classes />
    </Module>
    <Module skippedDueTo="Filter" hash="A1-EF-AE-EF-F6-7F-A8-E1-6A-92-21-98-48-E4-0F-17-08-CE-17-AF">
      <ModulePath>C:\WINDOWS\Microsoft.Net\assembly\GAC_MSIL\System.ValueTuple\v4.0_4.0.0.0__cc7b13ffcd2ddd51\System.ValueTuple.dll</ModulePath>
      <ModuleTime>2018-04-11T23:35:18.2634939Z</ModuleTime>
      <ModuleName>System.ValueTuple</ModuleName>
      <Classes />
    </Module>
    <Module skippedDueTo="Filter" hash="20-02-C4-F2-13-CB-91-D8-76-05-B0-00-5D-0D-8E-69-7E-44-05-A2">
      <ModulePath>C:\Users\pp\Documents\Visual Studio 2015\Projects\Canvas\RunTests\Moq.dll</ModulePath>
      <ModuleTime>2018-02-23T10:08:52Z</ModuleTime>
      <ModuleName>Moq</ModuleName>
      <Classes />
    </Module>
    <Module skippedDueTo="Filter" hash="9C-75-55-9F-AD-D5-06-26-64-CB-04-EC-20-DB-A3-7F-FE-FD-2E-4E">
      <ModulePath>C:\Users\pp\Documents\Visual Studio 2015\Projects\Canvas\RunTests\System.Threading.Tasks.Extensions.dll</ModulePath>
      <ModuleTime>2018-05-13T16:53:26Z</ModuleTime>
      <ModuleName>System.Threading.Tasks.Extensions</ModuleName>
      <Classes />
    </Module>
    <Module skippedDueTo="Filter" hash="F1-67-10-FE-CA-06-2B-45-18-C0-DB-E8-DB-07-A4-7E-5B-25-BD-51">
      <ModulePath>C:\WINDOWS\Microsoft.Net\assembly\GAC_MSIL\System.Runtime\v4.0_4.0.0.0__b03f5f7f11d50a3a\System.Runtime.dll</ModulePath>
      <ModuleTime>2018-04-11T23:35:18.1697369Z</ModuleTime>
      <ModuleName>System.Runtime</ModuleName>
      <Classes />
    </Module>
    <Module skippedDueTo="Filter" hash="3E-A7-0F-F2-06-A9-B7-6F-3B-F8-C5-CC-E6-A3-F4-B4-06-A4-F6-97">
      <ModulePath>C:\Users\pp\Documents\Visual Studio 2015\Projects\Canvas\RunTests\Castle.Core.dll</ModulePath>
      <ModuleTime>2017-10-10T06:13:52Z</ModuleTime>
      <ModuleName>Castle.Core</ModuleName>
      <Classes />
    </Module>
    <Module skippedDueTo="Filter" hash="2A-F4-1C-14-5D-7A-74-B3-03-8B-1D-2A-59-DC-B6-BE-1D-C8-EF-54">
      <ModulePath>C:\WINDOWS\Microsoft.Net\assembly\GAC_MSIL\System.Configuration\v4.0_4.0.0.0__b03f5f7f11d50a3a\System.Configuration.dll</ModulePath>
      <ModuleTime>2018-04-11T23:35:16.9508953Z</ModuleTime>
      <ModuleName>System.Configuration</ModuleName>
      <Classes />
    </Module>
    <Module skippedDueTo="Filter" hash="">
      <ModulePath>RefEmit_InMemoryManifestModule</ModulePath>
      <ModuleTime>0001-01-01T00:00:00</ModuleTime>
      <ModuleName>DynamicProxyGenAssembly2</ModuleName>
      <Classes />
    </Module>
    <Module skippedDueTo="Filter" hash="">
      <ModulePath>RefEmit_InMemoryManifestModule</ModulePath>
      <ModuleTime>0001-01-01T00:00:00</ModuleTime>
      <ModuleName>DynamicProxyGenAssembly2</ModuleName>
      <Classes />
    </Module>
  </Modules>
</CoverageSession>